<?xml version="1.0" encoding="UTF-8"?>
<testsuite name="LocalPlayer"
           tests="16"
           failures="16"
           errors="0"
           skipped="0"
           time="257.072">
  <properties />
            <testcase name="checkMenuByMusic" time="8.181" classname="com.sumavision.testcase.LocalPlayer">
                <failure type="java.lang.Throwable"
                  message="(null)"
              >
<![CDATA[java.lang.Throwable
  
Error Message: expected [true] but found [false].
Error Mothod:checkMenuByMusic(
Error Class:LocalPlayer
Error Index:85)
  com.sumavision.testcase.LocalPlayer.checkMenuByMusic(LocalPlayer.java:85)
]]>
      </failure>

          </testcase>
            <testcase name="fillVideo" time="43.316" classname="com.sumavision.testcase.LocalPlayer">
                <failure type="java.lang.Throwable"
                  message="(null)"
              >
<![CDATA[java.lang.Throwable
  
Error Message: expected [true] but found [false].
Error Mothod:fillVideo(
Error Class:LocalPlayer
Error Index:103)
  com.sumavision.testcase.LocalPlayer.fillVideo(LocalPlayer.java:103)
]]>
      </failure>

          </testcase>
            <testcase name="checkVideoPause" time="17.362" classname="com.sumavision.testcase.LocalPlayer">
                <failure type="java.lang.Throwable"
                  message="(null)"
              >
<![CDATA[java.lang.Throwable
  
Error Message: expected [true] but found [false].
Error Mothod:checkVideoPause(
Error Class:LocalPlayer
Error Index:130)
  com.sumavision.testcase.LocalPlayer.checkVideoPause(LocalPlayer.java:130)
]]>
      </failure>

          </testcase>
            <testcase name="checkMenuByList" time="1.550" classname="com.sumavision.testcase.LocalPlayer">
                <failure type="java.lang.Throwable"
                  message="(null)"
              >
<![CDATA[java.lang.Throwable
  
Error Message: expected [true] but found [false].
Error Mothod:checkMenuByList(
Error Class:LocalPlayer
Error Index:67)
  com.sumavision.testcase.LocalPlayer.checkMenuByList(LocalPlayer.java:67)
]]>
      </failure>

          </testcase>
            <testcase name="checkMenuByPictrue" time="8.750" classname="com.sumavision.testcase.LocalPlayer">
                <failure type="java.lang.Throwable"
                  message="(null)"
              >
<![CDATA[java.lang.Throwable
  
Error Message: expected [true] but found [false].
Error Mothod:checkMenuByPictrue(
Error Class:LocalPlayer
Error Index:94)
  com.sumavision.testcase.LocalPlayer.checkMenuByPictrue(LocalPlayer.java:94)
]]>
      </failure>

          </testcase>
            <testcase name="fillMusic" time="54.950" classname="com.sumavision.testcase.LocalPlayer">
                <failure type="java.lang.Throwable"
                  message="(null)"
              >
<![CDATA[java.lang.Throwable
  
Error Message: expected [true] but found [false].
Error Mothod:fillMusic(
Error Class:LocalPlayer
Error Index:112)
  com.sumavision.testcase.LocalPlayer.fillMusic(LocalPlayer.java:112)
]]>
      </failure>

          </testcase>
            <testcase name="checkSubtitleBySUB" time="2.711" classname="com.sumavision.testcase.LocalPlayer">
                <failure type="java.lang.Throwable"
                  message="(null)"
              >
<![CDATA[java.lang.Throwable
  
Error Message: expected [true] but found [false].
Error Mothod:checkSubtitleBySUB(
Error Class:LocalPlayer
Error Index:175)
  com.sumavision.testcase.LocalPlayer.checkSubtitleBySUB(LocalPlayer.java:175)
]]>
      </failure>

          </testcase>
            <testcase name="checkSubtitleBySRT" time="3.133" classname="com.sumavision.testcase.LocalPlayer">
                <failure type="java.lang.Throwable"
                  message="(null)"
              >
<![CDATA[java.lang.Throwable
  
Error Message: expected [true] but found [false].
Error Mothod:checkSubtitleBySRT(
Error Class:LocalPlayer
Error Index:166)
  com.sumavision.testcase.LocalPlayer.checkSubtitleBySRT(LocalPlayer.java:166)
]]>
      </failure>

          </testcase>
            <testcase name="checkAppShow" time="0.520" classname="com.sumavision.testcase.LocalPlayer">
                <failure type="java.lang.Throwable"
                  message="(null)"
              >
<![CDATA[java.lang.Throwable
  
Error Message: expected [true] but found [false].
Error Mothod:checkAppShow(
Error Class:LocalPlayer
Error Index:58)
  com.sumavision.testcase.LocalPlayer.checkAppShow(LocalPlayer.java:58)
]]>
      </failure>

          </testcase>
            <testcase name="checkPictureThumb" time="0.002" classname="com.sumavision.testcase.LocalPlayer">
                <failure type="java.lang.StackOverflowError"
                  message="(null)"
              >
<![CDATA[java.lang.StackOverflowError
  com.sumavision.testcase.LocalPlayer.checkPictureThumb(LocalPlayer.java:192)
  com.sumavision.testcase.LocalPlayer.checkPictureThumb(LocalPlayer.java:192)
  com.sumavision.testcase.LocalPlayer.checkPictureThumb(LocalPlayer.java:192)
  com.sumavision.testcase.LocalPlayer.checkPictureThumb(LocalPlayer.java:192)
  com.sumavision.testcase.LocalPlayer.checkPictureThumb(LocalPlayer.java:192)
  com.sumavision.testcase.LocalPlayer.checkPictureThumb(LocalPlayer.java:192)
  com.sumavision.testcase.LocalPlayer.checkPictureThumb(LocalPlayer.java:192)
  com.sumavision.testcase.LocalPlayer.checkPictureThumb(LocalPlayer.java:192)
  com.sumavision.testcase.LocalPlayer.checkPictureThumb(LocalPlayer.java:192)
  com.sumavision.testcase.LocalPlayer.checkPictureThumb(LocalPlayer.java:192)
  com.sumavision.testcase.LocalPlayer.checkPictureThumb(LocalPlayer.java:192)
  com.sumavision.testcase.LocalPlayer.checkPictureThumb(LocalPlayer.java:192)
  com.sumavision.testcase.LocalPlayer.checkPictureThumb(LocalPlayer.java:192)
  com.sumavision.testcase.LocalPlayer.checkPictureThumb(LocalPlayer.java:192)
  com.sumavision.testcase.LocalPlayer.checkPictureThumb(LocalPlayer.java:192)
  com.sumavision.testcase.LocalPlayer.checkPictureThumb(LocalPlayer.java:192)
  com.sumavision.testcase.LocalPlayer.checkPictureThumb(LocalPlayer.java:192)
  com.sumavision.testcase.LocalPlayer.checkPictureThumb(LocalPlayer.java:192)
  com.sumavision.testcase.LocalPlayer.checkPictureThumb(LocalPlayer.java:192)
  com.sumavision.testcase.LocalPlayer.checkPictureThumb(LocalPlayer.java:192)
  com.sumavision.testcase.LocalPlayer.checkPictureThumb(LocalPlayer.java:192)
  com.sumavision.testcase.LocalPlayer.checkPictureThumb(LocalPlayer.java:192)
  com.sumavision.testcase.LocalPlayer.checkPictureThumb(LocalPlayer.java:192)
  com.sumavision.testcase.LocalPlayer.checkPictureThumb(LocalPlayer.java:192)
  com.sumavision.testcase.LocalPlayer.checkPictureThumb(LocalPlayer.java:192)
  com.sumavision.testcase.LocalPlayer.checkPictureThumb(LocalPlayer.java:192)
  com.sumavision.testcase.LocalPlayer.checkPictureThumb(LocalPlayer.java:192)
  com.sumavision.testcase.LocalPlayer.checkPictureThumb(LocalPlayer.java:192)
  com.sumavision.testcase.LocalPlayer.checkPictureThumb(LocalPlayer.java:192)
  com.sumavision.testcase.LocalPlayer.checkPictureThumb(LocalPlayer.java:192)
  com.sumavision.testcase.LocalPlayer.checkPictureThumb(LocalPlayer.java:192)
  com.sumavision.testcase.LocalPlayer.checkPictureThumb(LocalPlayer.java:192)
  com.sumavision.testcase.LocalPlayer.checkPictureThumb(LocalPlayer.java:192)
  com.sumavision.testcase.LocalPlayer.checkPictureThumb(LocalPlayer.java:192)
  com.sumavision.testcase.LocalPlayer.checkPictureThumb(LocalPlayer.java:192)
  com.sumavision.testcase.LocalPlayer.checkPictureThumb(LocalPlayer.java:192)
  com.sumavision.testcase.LocalPlayer.checkPictureThumb(LocalPlayer.java:192)
  com.sumavision.testcase.LocalPlayer.checkPictureThumb(LocalPlayer.java:192)
  com.sumavision.testcase.LocalPlayer.checkPictureThumb(LocalPlayer.java:192)
  com.sumavision.testcase.LocalPlayer.checkPictureThumb(LocalPlayer.java:192)
  com.sumavision.testcase.LocalPlayer.checkPictureThumb(LocalPlayer.java:192)
  com.sumavision.testcase.LocalPlayer.checkPictureThumb(LocalPlayer.java:192)
  com.sumavision.testcase.LocalPlayer.checkPictureThumb(LocalPlayer.java:192)
  com.sumavision.testcase.LocalPlayer.checkPictureThumb(LocalPlayer.java:192)
  com.sumavision.testcase.LocalPlayer.checkPictureThumb(LocalPlayer.java:192)
  com.sumavision.testcase.LocalPlayer.checkPictureThumb(LocalPlayer.java:192)
  com.sumavision.testcase.LocalPlayer.checkPictureThumb(LocalPlayer.java:192)
  com.sumavision.testcase.LocalPlayer.checkPictureThumb(LocalPlayer.java:192)
  com.sumavision.testcase.LocalPlayer.checkPictureThumb(LocalPlayer.java:192)
  com.sumavision.testcase.LocalPlayer.checkPictureThumb(LocalPlayer.java:192)
  com.sumavision.testcase.LocalPlayer.checkPictureThumb(LocalPlayer.java:192)
  com.sumavision.testcase.LocalPlayer.checkPictureThumb(LocalPlayer.java:192)
  com.sumavision.testcase.LocalPlayer.checkPictureThumb(LocalPlayer.java:192)
  com.sumavision.testcase.LocalPlayer.checkPictureThumb(LocalPlayer.java:192)
  com.sumavision.testcase.LocalPlayer.checkPictureThumb(LocalPlayer.java:192)
  com.sumavision.testcase.LocalPlayer.checkPictureThumb(LocalPlayer.java:192)
  com.sumavision.testcase.LocalPlayer.checkPictureThumb(LocalPlayer.java:192)
  com.sumavision.testcase.LocalPlayer.checkPictureThumb(LocalPlayer.java:192)
  com.sumavision.testcase.LocalPlayer.checkPictureThumb(LocalPlayer.java:192)
  com.sumavision.testcase.LocalPlayer.checkPictureThumb(LocalPlayer.java:192)
  com.sumavision.testcase.LocalPlayer.checkPictureThumb(LocalPlayer.java:192)
  com.sumavision.testcase.LocalPlayer.checkPictureThumb(LocalPlayer.java:192)
  com.sumavision.testcase.LocalPlayer.checkPictureThumb(LocalPlayer.java:192)
  com.sumavision.testcase.LocalPlayer.checkPictureThumb(LocalPlayer.java:192)
  com.sumavision.testcase.LocalPlayer.checkPictureThumb(LocalPlayer.java:192)
  com.sumavision.testcase.LocalPlayer.checkPictureThumb(LocalPlayer.java:192)
  com.sumavision.testcase.LocalPlayer.checkPictureThumb(LocalPlayer.java:192)
  com.sumavision.testcase.LocalPlayer.checkPictureThumb(LocalPlayer.java:192)
  com.sumavision.testcase.LocalPlayer.checkPictureThumb(LocalPlayer.java:192)
  com.sumavision.testcase.LocalPlayer.checkPictureThumb(LocalPlayer.java:192)
  com.sumavision.testcase.LocalPlayer.checkPictureThumb(LocalPlayer.java:192)
  com.sumavision.testcase.LocalPlayer.checkPictureThumb(LocalPlayer.java:192)
  com.sumavision.testcase.LocalPlayer.checkPictureThumb(LocalPlayer.java:192)
  com.sumavision.testcase.LocalPlayer.checkPictureThumb(LocalPlayer.java:192)
  com.sumavision.testcase.LocalPlayer.checkPictureThumb(LocalPlayer.java:192)
  com.sumavision.testcase.LocalPlayer.checkPictureThumb(LocalPlayer.java:192)
  com.sumavision.testcase.LocalPlayer.checkPictureThumb(LocalPlayer.java:192)
  com.sumavision.testcase.LocalPlayer.checkPictureThumb(LocalPlayer.java:192)
  com.sumavision.testcase.LocalPlayer.checkPictureThumb(LocalPlayer.java:192)
  com.sumavision.testcase.LocalPlayer.checkPictureThumb(LocalPlayer.java:192)
  com.sumavision.testcase.LocalPlayer.checkPictureThumb(LocalPlayer.java:192)
  com.sumavision.testcase.LocalPlayer.checkPictureThumb(LocalPlayer.java:192)
  com.sumavision.testcase.LocalPlayer.checkPictureThumb(LocalPlayer.java:192)
  com.sumavision.testcase.LocalPlayer.checkPictureThumb(LocalPlayer.java:192)
  com.sumavision.testcase.LocalPlayer.checkPictureThumb(LocalPlayer.java:192)
  com.sumavision.testcase.LocalPlayer.checkPictureThumb(LocalPlayer.java:192)
  com.sumavision.testcase.LocalPlayer.checkPictureThumb(LocalPlayer.java:192)
  com.sumavision.testcase.LocalPlayer.checkPictureThumb(LocalPlayer.java:192)
  com.sumavision.testcase.LocalPlayer.checkPictureThumb(LocalPlayer.java:192)
  com.sumavision.testcase.LocalPlayer.checkPictureThumb(LocalPlayer.java:192)
  com.sumavision.testcase.LocalPlayer.checkPictureThumb(LocalPlayer.java:192)
  com.sumavision.testcase.LocalPlayer.checkPictureThumb(LocalPlayer.java:192)
  com.sumavision.testcase.LocalPlayer.checkPictureThumb(LocalPlayer.java:192)
  com.sumavision.testcase.LocalPlayer.checkPictureThumb(LocalPlayer.java:192)
  com.sumavision.testcase.LocalPlayer.checkPictureThumb(LocalPlayer.java:192)
  com.sumavision.testcase.LocalPlayer.checkPictureThumb(LocalPlayer.java:192)
  com.sumavision.testcase.LocalPlayer.checkPictureThumb(LocalPlayer.java:192)
  com.sumavision.testcase.LocalPlayer.checkPictureThumb(LocalPlayer.java:192)
  com.sumavision.testcase.LocalPlayer.checkPictureThumb(LocalPlayer.java:192)
  com.sumavision.testcase.LocalPlayer.checkPictureThumb(LocalPlayer.java:192)
  com.sumavision.testcase.LocalPlayer.checkPictureThumb(LocalPlayer.java:192)
  com.sumavision.testcase.LocalPlayer.checkPictureThumb(LocalPlayer.java:192)
  com.sumavision.testcase.LocalPlayer.checkPictureThumb(LocalPlayer.java:192)
  com.sumavision.testcase.LocalPlayer.checkPictureThumb(LocalPlayer.java:192)
  com.sumavision.testcase.LocalPlayer.checkPictureThumb(LocalPlayer.java:192)
  com.sumavision.testcase.LocalPlayer.checkPictureThumb(LocalPlayer.java:192)
  com.sumavision.testcase.LocalPlayer.checkPictureThumb(LocalPlayer.java:192)
  com.sumavision.testcase.LocalPlayer.checkPictureThumb(LocalPlayer.java:192)
  com.sumavision.testcase.LocalPlayer.checkPictureThumb(LocalPlayer.java:192)
  com.sumavision.testcase.LocalPlayer.checkPictureThumb(LocalPlayer.java:192)
  com.sumavision.testcase.LocalPlayer.checkPictureThumb(LocalPlayer.java:192)
  com.sumavision.testcase.LocalPlayer.checkPictureThumb(LocalPlayer.java:192)
  com.sumavision.testcase.LocalPlayer.checkPictureThumb(LocalPlayer.java:192)
  com.sumavision.testcase.LocalPlayer.checkPictureThumb(LocalPlayer.java:192)
  com.sumavision.testcase.LocalPlayer.checkPictureThumb(LocalPlayer.java:192)
  com.sumavision.testcase.LocalPlayer.checkPictureThumb(LocalPlayer.java:192)
  com.sumavision.testcase.LocalPlayer.checkPictureThumb(LocalPlayer.java:192)
  com.sumavision.testcase.LocalPlayer.checkPictureThumb(LocalPlayer.java:192)
  com.sumavision.testcase.LocalPlayer.checkPictureThumb(LocalPlayer.java:192)
  com.sumavision.testcase.LocalPlayer.checkPictureThumb(LocalPlayer.java:192)
  com.sumavision.testcase.LocalPlayer.checkPictureThumb(LocalPlayer.java:192)
  com.sumavision.testcase.LocalPlayer.checkPictureThumb(LocalPlayer.java:192)
  com.sumavision.testcase.LocalPlayer.checkPictureThumb(LocalPlayer.java:192)
  com.sumavision.testcase.LocalPlayer.checkPictureThumb(LocalPlayer.java:192)
  com.sumavision.testcase.LocalPlayer.checkPictureThumb(LocalPlayer.java:192)
  com.sumavision.testcase.LocalPlayer.checkPictureThumb(LocalPlayer.java:192)
  com.sumavision.testcase.LocalPlayer.checkPictureThumb(LocalPlayer.java:192)
  com.sumavision.testcase.LocalPlayer.checkPictureThumb(LocalPlayer.java:192)
  com.sumavision.testcase.LocalPlayer.checkPictureThumb(LocalPlayer.java:192)
  com.sumavision.testcase.LocalPlayer.checkPictureThumb(LocalPlayer.java:192)
  com.sumavision.testcase.LocalPlayer.checkPictureThumb(LocalPlayer.java:192)
  com.sumavision.testcase.LocalPlayer.checkPictureThumb(LocalPlayer.java:192)
  com.sumavision.testcase.LocalPlayer.checkPictureThumb(LocalPlayer.java:192)
  com.sumavision.testcase.LocalPlayer.checkPictureThumb(LocalPlayer.java:192)
  com.sumavision.testcase.LocalPlayer.checkPictureThumb(LocalPlayer.java:192)
  com.sumavision.testcase.LocalPlayer.checkPictureThumb(LocalPlayer.java:192)
  com.sumavision.testcase.LocalPlayer.checkPictureThumb(LocalPlayer.java:192)
  com.sumavision.testcase.LocalPlayer.checkPictureThumb(LocalPlayer.java:192)
  com.sumavision.testcase.LocalPlayer.checkPictureThumb(LocalPlayer.java:192)
  com.sumavision.testcase.LocalPlayer.checkPictureThumb(LocalPlayer.java:192)
  com.sumavision.testcase.LocalPlayer.checkPictureThumb(LocalPlayer.java:192)
  com.sumavision.testcase.LocalPlayer.checkPictureThumb(LocalPlayer.java:192)
  com.sumavision.testcase.LocalPlayer.checkPictureThumb(LocalPlayer.java:192)
  com.sumavision.testcase.LocalPlayer.checkPictureThumb(LocalPlayer.java:192)
  com.sumavision.testcase.LocalPlayer.checkPictureThumb(LocalPlayer.java:192)
  com.sumavision.testcase.LocalPlayer.checkPictureThumb(LocalPlayer.java:192)
  com.sumavision.testcase.LocalPlayer.checkPictureThumb(LocalPlayer.java:192)
  com.sumavision.testcase.LocalPlayer.checkPictureThumb(LocalPlayer.java:192)
  com.sumavision.testcase.LocalPlayer.checkPictureThumb(LocalPlayer.java:192)
  com.sumavision.testcase.LocalPlayer.checkPictureThumb(LocalPlayer.java:192)
  com.sumavision.testcase.LocalPlayer.checkPictureThumb(LocalPlayer.java:192)
  com.sumavision.testcase.LocalPlayer.checkPictureThumb(LocalPlayer.java:192)
  com.sumavision.testcase.LocalPlayer.checkPictureThumb(LocalPlayer.java:192)
  com.sumavision.testcase.LocalPlayer.checkPictureThumb(LocalPlayer.java:192)
  com.sumavision.testcase.LocalPlayer.checkPictureThumb(LocalPlayer.java:192)
  com.sumavision.testcase.LocalPlayer.checkPictureThumb(LocalPlayer.java:192)
  com.sumavision.testcase.LocalPlayer.checkPictureThumb(LocalPlayer.java:192)
  com.sumavision.testcase.LocalPlayer.checkPictureThumb(LocalPlayer.java:192)
  com.sumavision.testcase.LocalPlayer.checkPictureThumb(LocalPlayer.java:192)
  com.sumavision.testcase.LocalPlayer.checkPictureThumb(LocalPlayer.java:192)
  com.sumavision.testcase.LocalPlayer.checkPictureThumb(LocalPlayer.java:192)
  com.sumavision.testcase.LocalPlayer.checkPictureThumb(LocalPlayer.java:192)
  com.sumavision.testcase.LocalPlayer.checkPictureThumb(LocalPlayer.java:192)
  com.sumavision.testcase.LocalPlayer.checkPictureThumb(LocalPlayer.java:192)
  com.sumavision.testcase.LocalPlayer.checkPictureThumb(LocalPlayer.java:192)
  com.sumavision.testcase.LocalPlayer.checkPictureThumb(LocalPlayer.java:192)
  com.sumavision.testcase.LocalPlayer.checkPictureThumb(LocalPlayer.java:192)
  com.sumavision.testcase.LocalPlayer.checkPictureThumb(LocalPlayer.java:192)
  com.sumavision.testcase.LocalPlayer.checkPictureThumb(LocalPlayer.java:192)
  com.sumavision.testcase.LocalPlayer.checkPictureThumb(LocalPlayer.java:192)
  com.sumavision.testcase.LocalPlayer.checkPictureThumb(LocalPlayer.java:192)
  com.sumavision.testcase.LocalPlayer.checkPictureThumb(LocalPlayer.java:192)
  com.sumavision.testcase.LocalPlayer.checkPictureThumb(LocalPlayer.java:192)
  com.sumavision.testcase.LocalPlayer.checkPictureThumb(LocalPlayer.java:192)
  com.sumavision.testcase.LocalPlayer.checkPictureThumb(LocalPlayer.java:192)
  com.sumavision.testcase.LocalPlayer.checkPictureThumb(LocalPlayer.java:192)
  com.sumavision.testcase.LocalPlayer.checkPictureThumb(LocalPlayer.java:192)
  com.sumavision.testcase.LocalPlayer.checkPictureThumb(LocalPlayer.java:192)
  com.sumavision.testcase.LocalPlayer.checkPictureThumb(LocalPlayer.java:192)
  com.sumavision.testcase.LocalPlayer.checkPictureThumb(LocalPlayer.java:192)
  com.sumavision.testcase.LocalPlayer.checkPictureThumb(LocalPlayer.java:192)
  com.sumavision.testcase.LocalPlayer.checkPictureThumb(LocalPlayer.java:192)
  com.sumavision.testcase.LocalPlayer.checkPictureThumb(LocalPlayer.java:192)
  com.sumavision.testcase.LocalPlayer.checkPictureThumb(LocalPlayer.java:192)
  com.sumavision.testcase.LocalPlayer.checkPictureThumb(LocalPlayer.java:192)
  com.sumavision.testcase.LocalPlayer.checkPictureThumb(LocalPlayer.java:192)
  com.sumavision.testcase.LocalPlayer.checkPictureThumb(LocalPlayer.java:192)
  com.sumavision.testcase.LocalPlayer.checkPictureThumb(LocalPlayer.java:192)
  com.sumavision.testcase.LocalPlayer.checkPictureThumb(LocalPlayer.java:192)
  com.sumavision.testcase.LocalPlayer.checkPictureThumb(LocalPlayer.java:192)
  com.sumavision.testcase.LocalPlayer.checkPictureThumb(LocalPlayer.java:192)
  com.sumavision.testcase.LocalPlayer.checkPictureThumb(LocalPlayer.java:192)
  com.sumavision.testcase.LocalPlayer.checkPictureThumb(LocalPlayer.java:192)
  com.sumavision.testcase.LocalPlayer.checkPictureThumb(LocalPlayer.java:192)
  com.sumavision.testcase.LocalPlayer.checkPictureThumb(LocalPlayer.java:192)
  com.sumavision.testcase.LocalPlayer.checkPictureThumb(LocalPlayer.java:192)
  com.sumavision.testcase.LocalPlayer.checkPictureThumb(LocalPlayer.java:192)
  com.sumavision.testcase.LocalPlayer.checkPictureThumb(LocalPlayer.java:192)
  com.sumavision.testcase.LocalPlayer.checkPictureThumb(LocalPlayer.java:192)
  com.sumavision.testcase.LocalPlayer.checkPictureThumb(LocalPlayer.java:192)
  com.sumavision.testcase.LocalPlayer.checkPictureThumb(LocalPlayer.java:192)
  com.sumavision.testcase.LocalPlayer.checkPictureThumb(LocalPlayer.java:192)
  com.sumavision.testcase.LocalPlayer.checkPictureThumb(LocalPlayer.java:192)
  com.sumavision.testcase.LocalPlayer.checkPictureThumb(LocalPlayer.java:192)
  com.sumavision.testcase.LocalPlayer.checkPictureThumb(LocalPlayer.java:192)
  com.sumavision.testcase.LocalPlayer.checkPictureThumb(LocalPlayer.java:192)
  com.sumavision.testcase.LocalPlayer.checkPictureThumb(LocalPlayer.java:192)
  com.sumavision.testcase.LocalPlayer.checkPictureThumb(LocalPlayer.java:192)
  com.sumavision.testcase.LocalPlayer.checkPictureThumb(LocalPlayer.java:192)
  com.sumavision.testcase.LocalPlayer.checkPictureThumb(LocalPlayer.java:192)
  com.sumavision.testcase.LocalPlayer.checkPictureThumb(LocalPlayer.java:192)
  com.sumavision.testcase.LocalPlayer.checkPictureThumb(LocalPlayer.java:192)
  com.sumavision.testcase.LocalPlayer.checkPictureThumb(LocalPlayer.java:192)
  com.sumavision.testcase.LocalPlayer.checkPictureThumb(LocalPlayer.java:192)
  com.sumavision.testcase.LocalPlayer.checkPictureThumb(LocalPlayer.java:192)
  com.sumavision.testcase.LocalPlayer.checkPictureThumb(LocalPlayer.java:192)
  com.sumavision.testcase.LocalPlayer.checkPictureThumb(LocalPlayer.java:192)
  com.sumavision.testcase.LocalPlayer.checkPictureThumb(LocalPlayer.java:192)
  com.sumavision.testcase.LocalPlayer.checkPictureThumb(LocalPlayer.java:192)
  com.sumavision.testcase.LocalPlayer.checkPictureThumb(LocalPlayer.java:192)
  com.sumavision.testcase.LocalPlayer.checkPictureThumb(LocalPlayer.java:192)
  com.sumavision.testcase.LocalPlayer.checkPictureThumb(LocalPlayer.java:192)
  com.sumavision.testcase.LocalPlayer.checkPictureThumb(LocalPlayer.java:192)
  com.sumavision.testcase.LocalPlayer.checkPictureThumb(LocalPlayer.java:192)
  com.sumavision.testcase.LocalPlayer.checkPictureThumb(LocalPlayer.java:192)
  com.sumavision.testcase.LocalPlayer.checkPictureThumb(LocalPlayer.java:192)
  com.sumavision.testcase.LocalPlayer.checkPictureThumb(LocalPlayer.java:192)
  com.sumavision.testcase.LocalPlayer.checkPictureThumb(LocalPlayer.java:192)
  com.sumavision.testcase.LocalPlayer.checkPictureThumb(LocalPlayer.java:192)
  com.sumavision.testcase.LocalPlayer.checkPictureThumb(LocalPlayer.java:192)
  com.sumavision.testcase.LocalPlayer.checkPictureThumb(LocalPlayer.java:192)
  com.sumavision.testcase.LocalPlayer.checkPictureThumb(LocalPlayer.java:192)
  com.sumavision.testcase.LocalPlayer.checkPictureThumb(LocalPlayer.java:192)
  com.sumavision.testcase.LocalPlayer.checkPictureThumb(LocalPlayer.java:192)
  com.sumavision.testcase.LocalPlayer.checkPictureThumb(LocalPlayer.java:192)
  com.sumavision.testcase.LocalPlayer.checkPictureThumb(LocalPlayer.java:192)
  com.sumavision.testcase.LocalPlayer.checkPictureThumb(LocalPlayer.java:192)
  com.sumavision.testcase.LocalPlayer.checkPictureThumb(LocalPlayer.java:192)
  com.sumavision.testcase.LocalPlayer.checkPictureThumb(LocalPlayer.java:192)
  com.sumavision.testcase.LocalPlayer.checkPictureThumb(LocalPlayer.java:192)
  com.sumavision.testcase.LocalPlayer.checkPictureThumb(LocalPlayer.java:192)
  com.sumavision.testcase.LocalPlayer.checkPictureThumb(LocalPlayer.java:192)
  com.sumavision.testcase.LocalPlayer.checkPictureThumb(LocalPlayer.java:192)
  com.sumavision.testcase.LocalPlayer.checkPictureThumb(LocalPlayer.java:192)
  com.sumavision.testcase.LocalPlayer.checkPictureThumb(LocalPlayer.java:192)
  com.sumavision.testcase.LocalPlayer.checkPictureThumb(LocalPlayer.java:192)
  com.sumavision.testcase.LocalPlayer.checkPictureThumb(LocalPlayer.java:192)
  com.sumavision.testcase.LocalPlayer.checkPictureThumb(LocalPlayer.java:192)
  com.sumavision.testcase.LocalPlayer.checkPictureThumb(LocalPlayer.java:192)
  com.sumavision.testcase.LocalPlayer.checkPictureThumb(LocalPlayer.java:192)
  com.sumavision.testcase.LocalPlayer.checkPictureThumb(LocalPlayer.java:192)
  com.sumavision.testcase.LocalPlayer.checkPictureThumb(LocalPlayer.java:192)
  com.sumavision.testcase.LocalPlayer.checkPictureThumb(LocalPlayer.java:192)
  com.sumavision.testcase.LocalPlayer.checkPictureThumb(LocalPlayer.java:192)
  com.sumavision.testcase.LocalPlayer.checkPictureThumb(LocalPlayer.java:192)
  com.sumavision.testcase.LocalPlayer.checkPictureThumb(LocalPlayer.java:192)
  com.sumavision.testcase.LocalPlayer.checkPictureThumb(LocalPlayer.java:192)
  com.sumavision.testcase.LocalPlayer.checkPictureThumb(LocalPlayer.java:192)
  com.sumavision.testcase.LocalPlayer.checkPictureThumb(LocalPlayer.java:192)
  com.sumavision.testcase.LocalPlayer.checkPictureThumb(LocalPlayer.java:192)
  com.sumavision.testcase.LocalPlayer.checkPictureThumb(LocalPlayer.java:192)
  com.sumavision.testcase.LocalPlayer.checkPictureThumb(LocalPlayer.java:192)
  com.sumavision.testcase.LocalPlayer.checkPictureThumb(LocalPlayer.java:192)
  com.sumavision.testcase.LocalPlayer.checkPictureThumb(LocalPlayer.java:192)
  com.sumavision.testcase.LocalPlayer.checkPictureThumb(LocalPlayer.java:192)
  com.sumavision.testcase.LocalPlayer.checkPictureThumb(LocalPlayer.java:192)
  com.sumavision.testcase.LocalPlayer.checkPictureThumb(LocalPlayer.java:192)
  com.sumavision.testcase.LocalPlayer.checkPictureThumb(LocalPlayer.java:192)
  com.sumavision.testcase.LocalPlayer.checkPictureThumb(LocalPlayer.java:192)
  com.sumavision.testcase.LocalPlayer.checkPictureThumb(LocalPlayer.java:192)
  com.sumavision.testcase.LocalPlayer.checkPictureThumb(LocalPlayer.java:192)
  com.sumavision.testcase.LocalPlayer.checkPictureThumb(LocalPlayer.java:192)
  com.sumavision.testcase.LocalPlayer.checkPictureThumb(LocalPlayer.java:192)
  com.sumavision.testcase.LocalPlayer.checkPictureThumb(LocalPlayer.java:192)
  com.sumavision.testcase.LocalPlayer.checkPictureThumb(LocalPlayer.java:192)
  com.sumavision.testcase.LocalPlayer.checkPictureThumb(LocalPlayer.java:192)
  com.sumavision.testcase.LocalPlayer.checkPictureThumb(LocalPlayer.java:192)
  com.sumavision.testcase.LocalPlayer.checkPictureThumb(LocalPlayer.java:192)
  com.sumavision.testcase.LocalPlayer.checkPictureThumb(LocalPlayer.java:192)
  com.sumavision.testcase.LocalPlayer.checkPictureThumb(LocalPlayer.java:192)
  com.sumavision.testcase.LocalPlayer.checkPictureThumb(LocalPlayer.java:192)
  com.sumavision.testcase.LocalPlayer.checkPictureThumb(LocalPlayer.java:192)
  com.sumavision.testcase.LocalPlayer.checkPictureThumb(LocalPlayer.java:192)
  com.sumavision.testcase.LocalPlayer.checkPictureThumb(LocalPlayer.java:192)
  com.sumavision.testcase.LocalPlayer.checkPictureThumb(LocalPlayer.java:192)
  com.sumavision.testcase.LocalPlayer.checkPictureThumb(LocalPlayer.java:192)
  com.sumavision.testcase.LocalPlayer.checkPictureThumb(LocalPlayer.java:192)
  com.sumavision.testcase.LocalPlayer.checkPictureThumb(LocalPlayer.java:192)
  com.sumavision.testcase.LocalPlayer.checkPictureThumb(LocalPlayer.java:192)
  com.sumavision.testcase.LocalPlayer.checkPictureThumb(LocalPlayer.java:192)
  com.sumavision.testcase.LocalPlayer.checkPictureThumb(LocalPlayer.java:192)
  com.sumavision.testcase.LocalPlayer.checkPictureThumb(LocalPlayer.java:192)
  com.sumavision.testcase.LocalPlayer.checkPictureThumb(LocalPlayer.java:192)
  com.sumavision.testcase.LocalPlayer.checkPictureThumb(LocalPlayer.java:192)
  com.sumavision.testcase.LocalPlayer.checkPictureThumb(LocalPlayer.java:192)
  com.sumavision.testcase.LocalPlayer.checkPictureThumb(LocalPlayer.java:192)
  com.sumavision.testcase.LocalPlayer.checkPictureThumb(LocalPlayer.java:192)
  com.sumavision.testcase.LocalPlayer.checkPictureThumb(LocalPlayer.java:192)
  com.sumavision.testcase.LocalPlayer.checkPictureThumb(LocalPlayer.java:192)
  com.sumavision.testcase.LocalPlayer.checkPictureThumb(LocalPlayer.java:192)
  com.sumavision.testcase.LocalPlayer.checkPictureThumb(LocalPlayer.java:192)
  com.sumavision.testcase.LocalPlayer.checkPictureThumb(LocalPlayer.java:192)
  com.sumavision.testcase.LocalPlayer.checkPictureThumb(LocalPlayer.java:192)
  com.sumavision.testcase.LocalPlayer.checkPictureThumb(LocalPlayer.java:192)
  com.sumavision.testcase.LocalPlayer.checkPictureThumb(LocalPlayer.java:192)
  com.sumavision.testcase.LocalPlayer.checkPictureThumb(LocalPlayer.java:192)
  com.sumavision.testcase.LocalPlayer.checkPictureThumb(LocalPlayer.java:192)
  com.sumavision.testcase.LocalPlayer.checkPictureThumb(LocalPlayer.java:192)
  com.sumavision.testcase.LocalPlayer.checkPictureThumb(LocalPlayer.java:192)
  com.sumavision.testcase.LocalPlayer.checkPictureThumb(LocalPlayer.java:192)
  com.sumavision.testcase.LocalPlayer.checkPictureThumb(LocalPlayer.java:192)
  com.sumavision.testcase.LocalPlayer.checkPictureThumb(LocalPlayer.java:192)
  com.sumavision.testcase.LocalPlayer.checkPictureThumb(LocalPlayer.java:192)
  com.sumavision.testcase.LocalPlayer.checkPictureThumb(LocalPlayer.java:192)
  com.sumavision.testcase.LocalPlayer.checkPictureThumb(LocalPlayer.java:192)
  com.sumavision.testcase.LocalPlayer.checkPictureThumb(LocalPlayer.java:192)
  com.sumavision.testcase.LocalPlayer.checkPictureThumb(LocalPlayer.java:192)
  com.sumavision.testcase.LocalPlayer.checkPictureThumb(LocalPlayer.java:192)
  com.sumavision.testcase.LocalPlayer.checkPictureThumb(LocalPlayer.java:192)
  com.sumavision.testcase.LocalPlayer.checkPictureThumb(LocalPlayer.java:192)
  com.sumavision.testcase.LocalPlayer.checkPictureThumb(LocalPlayer.java:192)
  com.sumavision.testcase.LocalPlayer.checkPictureThumb(LocalPlayer.java:192)
  com.sumavision.testcase.LocalPlayer.checkPictureThumb(LocalPlayer.java:192)
  com.sumavision.testcase.LocalPlayer.checkPictureThumb(LocalPlayer.java:192)
  com.sumavision.testcase.LocalPlayer.checkPictureThumb(LocalPlayer.java:192)
  com.sumavision.testcase.LocalPlayer.checkPictureThumb(LocalPlayer.java:192)
  com.sumavision.testcase.LocalPlayer.checkPictureThumb(LocalPlayer.java:192)
  com.sumavision.testcase.LocalPlayer.checkPictureThumb(LocalPlayer.java:192)
  com.sumavision.testcase.LocalPlayer.checkPictureThumb(LocalPlayer.java:192)
  com.sumavision.testcase.LocalPlayer.checkPictureThumb(LocalPlayer.java:192)
  com.sumavision.testcase.LocalPlayer.checkPictureThumb(LocalPlayer.java:192)
  com.sumavision.testcase.LocalPlayer.checkPictureThumb(LocalPlayer.java:192)
  com.sumavision.testcase.LocalPlayer.checkPictureThumb(LocalPlayer.java:192)
  com.sumavision.testcase.LocalPlayer.checkPictureThumb(LocalPlayer.java:192)
  com.sumavision.testcase.LocalPlayer.checkPictureThumb(LocalPlayer.java:192)
  com.sumavision.testcase.LocalPlayer.checkPictureThumb(LocalPlayer.java:192)
  com.sumavision.testcase.LocalPlayer.checkPictureThumb(LocalPlayer.java:192)
  com.sumavision.testcase.LocalPlayer.checkPictureThumb(LocalPlayer.java:192)
  com.sumavision.testcase.LocalPlayer.checkPictureThumb(LocalPlayer.java:192)
  com.sumavision.testcase.LocalPlayer.checkPictureThumb(LocalPlayer.java:192)
  com.sumavision.testcase.LocalPlayer.checkPictureThumb(LocalPlayer.java:192)
  com.sumavision.testcase.LocalPlayer.checkPictureThumb(LocalPlayer.java:192)
  com.sumavision.testcase.LocalPlayer.checkPictureThumb(LocalPlayer.java:192)
  com.sumavision.testcase.LocalPlayer.checkPictureThumb(LocalPlayer.java:192)
  com.sumavision.testcase.LocalPlayer.checkPictureThumb(LocalPlayer.java:192)
  com.sumavision.testcase.LocalPlayer.checkPictureThumb(LocalPlayer.java:192)
  com.sumavision.testcase.LocalPlayer.checkPictureThumb(LocalPlayer.java:192)
  com.sumavision.testcase.LocalPlayer.checkPictureThumb(LocalPlayer.java:192)
  com.sumavision.testcase.LocalPlayer.checkPictureThumb(LocalPlayer.java:192)
  com.sumavision.testcase.LocalPlayer.checkPictureThumb(LocalPlayer.java:192)
  com.sumavision.testcase.LocalPlayer.checkPictureThumb(LocalPlayer.java:192)
  com.sumavision.testcase.LocalPlayer.checkPictureThumb(LocalPlayer.java:192)
  com.sumavision.testcase.LocalPlayer.checkPictureThumb(LocalPlayer.java:192)
  com.sumavision.testcase.LocalPlayer.checkPictureThumb(LocalPlayer.java:192)
  com.sumavision.testcase.LocalPlayer.checkPictureThumb(LocalPlayer.java:192)
  com.sumavision.testcase.LocalPlayer.checkPictureThumb(LocalPlayer.java:192)
  com.sumavision.testcase.LocalPlayer.checkPictureThumb(LocalPlayer.java:192)
  com.sumavision.testcase.LocalPlayer.checkPictureThumb(LocalPlayer.java:192)
  com.sumavision.testcase.LocalPlayer.checkPictureThumb(LocalPlayer.java:192)
  com.sumavision.testcase.LocalPlayer.checkPictureThumb(LocalPlayer.java:192)
  com.sumavision.testcase.LocalPlayer.checkPictureThumb(LocalPlayer.java:192)
  com.sumavision.testcase.LocalPlayer.checkPictureThumb(LocalPlayer.java:192)
  com.sumavision.testcase.LocalPlayer.checkPictureThumb(LocalPlayer.java:192)
  com.sumavision.testcase.LocalPlayer.checkPictureThumb(LocalPlayer.java:192)
  com.sumavision.testcase.LocalPlayer.checkPictureThumb(LocalPlayer.java:192)
  com.sumavision.testcase.LocalPlayer.checkPictureThumb(LocalPlayer.java:192)
  com.sumavision.testcase.LocalPlayer.checkPictureThumb(LocalPlayer.java:192)
  com.sumavision.testcase.LocalPlayer.checkPictureThumb(LocalPlayer.java:192)
  com.sumavision.testcase.LocalPlayer.checkPictureThumb(LocalPlayer.java:192)
  com.sumavision.testcase.LocalPlayer.checkPictureThumb(LocalPlayer.java:192)
  com.sumavision.testcase.LocalPlayer.checkPictureThumb(LocalPlayer.java:192)
  com.sumavision.testcase.LocalPlayer.checkPictureThumb(LocalPlayer.java:192)
  com.sumavision.testcase.LocalPlayer.checkPictureThumb(LocalPlayer.java:192)
  com.sumavision.testcase.LocalPlayer.checkPictureThumb(LocalPlayer.java:192)
  com.sumavision.testcase.LocalPlayer.checkPictureThumb(LocalPlayer.java:192)
  com.sumavision.testcase.LocalPlayer.checkPictureThumb(LocalPlayer.java:192)
  com.sumavision.testcase.LocalPlayer.checkPictureThumb(LocalPlayer.java:192)
  com.sumavision.testcase.LocalPlayer.checkPictureThumb(LocalPlayer.java:192)
  com.sumavision.testcase.LocalPlayer.checkPictureThumb(LocalPlayer.java:192)
  com.sumavision.testcase.LocalPlayer.checkPictureThumb(LocalPlayer.java:192)
  com.sumavision.testcase.LocalPlayer.checkPictureThumb(LocalPlayer.java:192)
  com.sumavision.testcase.LocalPlayer.checkPictureThumb(LocalPlayer.java:192)
  com.sumavision.testcase.LocalPlayer.checkPictureThumb(LocalPlayer.java:192)
  com.sumavision.testcase.LocalPlayer.checkPictureThumb(LocalPlayer.java:192)
  com.sumavision.testcase.LocalPlayer.checkPictureThumb(LocalPlayer.java:192)
  com.sumavision.testcase.LocalPlayer.checkPictureThumb(LocalPlayer.java:192)
  com.sumavision.testcase.LocalPlayer.checkPictureThumb(LocalPlayer.java:192)
  com.sumavision.testcase.LocalPlayer.checkPictureThumb(LocalPlayer.java:192)
  com.sumavision.testcase.LocalPlayer.checkPictureThumb(LocalPlayer.java:192)
  com.sumavision.testcase.LocalPlayer.checkPictureThumb(LocalPlayer.java:192)
  com.sumavision.testcase.LocalPlayer.checkPictureThumb(LocalPlayer.java:192)
  com.sumavision.testcase.LocalPlayer.checkPictureThumb(LocalPlayer.java:192)
  com.sumavision.testcase.LocalPlayer.checkPictureThumb(LocalPlayer.java:192)
  com.sumavision.testcase.LocalPlayer.checkPictureThumb(LocalPlayer.java:192)
  com.sumavision.testcase.LocalPlayer.checkPictureThumb(LocalPlayer.java:192)
  com.sumavision.testcase.LocalPlayer.checkPictureThumb(LocalPlayer.java:192)
  com.sumavision.testcase.LocalPlayer.checkPictureThumb(LocalPlayer.java:192)
  com.sumavision.testcase.LocalPlayer.checkPictureThumb(LocalPlayer.java:192)
  com.sumavision.testcase.LocalPlayer.checkPictureThumb(LocalPlayer.java:192)
  com.sumavision.testcase.LocalPlayer.checkPictureThumb(LocalPlayer.java:192)
  com.sumavision.testcase.LocalPlayer.checkPictureThumb(LocalPlayer.java:192)
  com.sumavision.testcase.LocalPlayer.checkPictureThumb(LocalPlayer.java:192)
  com.sumavision.testcase.LocalPlayer.checkPictureThumb(LocalPlayer.java:192)
  com.sumavision.testcase.LocalPlayer.checkPictureThumb(LocalPlayer.java:192)
  com.sumavision.testcase.LocalPlayer.checkPictureThumb(LocalPlayer.java:192)
  com.sumavision.testcase.LocalPlayer.checkPictureThumb(LocalPlayer.java:192)
  com.sumavision.testcase.LocalPlayer.checkPictureThumb(LocalPlayer.java:192)
  com.sumavision.testcase.LocalPlayer.checkPictureThumb(LocalPlayer.java:192)
  com.sumavision.testcase.LocalPlayer.checkPictureThumb(LocalPlayer.java:192)
  com.sumavision.testcase.LocalPlayer.checkPictureThumb(LocalPlayer.java:192)
  com.sumavision.testcase.LocalPlayer.checkPictureThumb(LocalPlayer.java:192)
  com.sumavision.testcase.LocalPlayer.checkPictureThumb(LocalPlayer.java:192)
  com.sumavision.testcase.LocalPlayer.checkPictureThumb(LocalPlayer.java:192)
  com.sumavision.testcase.LocalPlayer.checkPictureThumb(LocalPlayer.java:192)
  com.sumavision.testcase.LocalPlayer.checkPictureThumb(LocalPlayer.java:192)
  com.sumavision.testcase.LocalPlayer.checkPictureThumb(LocalPlayer.java:192)
  com.sumavision.testcase.LocalPlayer.checkPictureThumb(LocalPlayer.java:192)
  com.sumavision.testcase.LocalPlayer.checkPictureThumb(LocalPlayer.java:192)
  com.sumavision.testcase.LocalPlayer.checkPictureThumb(LocalPlayer.java:192)
  com.sumavision.testcase.LocalPlayer.checkPictureThumb(LocalPlayer.java:192)
  com.sumavision.testcase.LocalPlayer.checkPictureThumb(LocalPlayer.java:192)
  com.sumavision.testcase.LocalPlayer.checkPictureThumb(LocalPlayer.java:192)
  com.sumavision.testcase.LocalPlayer.checkPictureThumb(LocalPlayer.java:192)
  com.sumavision.testcase.LocalPlayer.checkPictureThumb(LocalPlayer.java:192)
  com.sumavision.testcase.LocalPlayer.checkPictureThumb(LocalPlayer.java:192)
  com.sumavision.testcase.LocalPlayer.checkPictureThumb(LocalPlayer.java:192)
  com.sumavision.testcase.LocalPlayer.checkPictureThumb(LocalPlayer.java:192)
  com.sumavision.testcase.LocalPlayer.checkPictureThumb(LocalPlayer.java:192)
  com.sumavision.testcase.LocalPlayer.checkPictureThumb(LocalPlayer.java:192)
  com.sumavision.testcase.LocalPlayer.checkPictureThumb(LocalPlayer.java:192)
  com.sumavision.testcase.LocalPlayer.checkPictureThumb(LocalPlayer.java:192)
  com.sumavision.testcase.LocalPlayer.checkPictureThumb(LocalPlayer.java:192)
  com.sumavision.testcase.LocalPlayer.checkPictureThumb(LocalPlayer.java:192)
  com.sumavision.testcase.LocalPlayer.checkPictureThumb(LocalPlayer.java:192)
  com.sumavision.testcase.LocalPlayer.checkPictureThumb(LocalPlayer.java:192)
  com.sumavision.testcase.LocalPlayer.checkPictureThumb(LocalPlayer.java:192)
  com.sumavision.testcase.LocalPlayer.checkPictureThumb(LocalPlayer.java:192)
  com.sumavision.testcase.LocalPlayer.checkPictureThumb(LocalPlayer.java:192)
  com.sumavision.testcase.LocalPlayer.checkPictureThumb(LocalPlayer.java:192)
  com.sumavision.testcase.LocalPlayer.checkPictureThumb(LocalPlayer.java:192)
  com.sumavision.testcase.LocalPlayer.checkPictureThumb(LocalPlayer.java:192)
  com.sumavision.testcase.LocalPlayer.checkPictureThumb(LocalPlayer.java:192)
  com.sumavision.testcase.LocalPlayer.checkPictureThumb(LocalPlayer.java:192)
  com.sumavision.testcase.LocalPlayer.checkPictureThumb(LocalPlayer.java:192)
  com.sumavision.testcase.LocalPlayer.checkPictureThumb(LocalPlayer.java:192)
  com.sumavision.testcase.LocalPlayer.checkPictureThumb(LocalPlayer.java:192)
  com.sumavision.testcase.LocalPlayer.checkPictureThumb(LocalPlayer.java:192)
  com.sumavision.testcase.LocalPlayer.checkPictureThumb(LocalPlayer.java:192)
  com.sumavision.testcase.LocalPlayer.checkPictureThumb(LocalPlayer.java:192)
  com.sumavision.testcase.LocalPlayer.checkPictureThumb(LocalPlayer.java:192)
  com.sumavision.testcase.LocalPlayer.checkPictureThumb(LocalPlayer.java:192)
  com.sumavision.testcase.LocalPlayer.checkPictureThumb(LocalPlayer.java:192)
  com.sumavision.testcase.LocalPlayer.checkPictureThumb(LocalPlayer.java:192)
  com.sumavision.testcase.LocalPlayer.checkPictureThumb(LocalPlayer.java:192)
  com.sumavision.testcase.LocalPlayer.checkPictureThumb(LocalPlayer.java:192)
  com.sumavision.testcase.LocalPlayer.checkPictureThumb(LocalPlayer.java:192)
  com.sumavision.testcase.LocalPlayer.checkPictureThumb(LocalPlayer.java:192)
  com.sumavision.testcase.LocalPlayer.checkPictureThumb(LocalPlayer.java:192)
  com.sumavision.testcase.LocalPlayer.checkPictureThumb(LocalPlayer.java:192)
  com.sumavision.testcase.LocalPlayer.checkPictureThumb(LocalPlayer.java:192)
  com.sumavision.testcase.LocalPlayer.checkPictureThumb(LocalPlayer.java:192)
  com.sumavision.testcase.LocalPlayer.checkPictureThumb(LocalPlayer.java:192)
  com.sumavision.testcase.LocalPlayer.checkPictureThumb(LocalPlayer.java:192)
  com.sumavision.testcase.LocalPlayer.checkPictureThumb(LocalPlayer.java:192)
  com.sumavision.testcase.LocalPlayer.checkPictureThumb(LocalPlayer.java:192)
  com.sumavision.testcase.LocalPlayer.checkPictureThumb(LocalPlayer.java:192)
  com.sumavision.testcase.LocalPlayer.checkPictureThumb(LocalPlayer.java:192)
  com.sumavision.testcase.LocalPlayer.checkPictureThumb(LocalPlayer.java:192)
  com.sumavision.testcase.LocalPlayer.checkPictureThumb(LocalPlayer.java:192)
  com.sumavision.testcase.LocalPlayer.checkPictureThumb(LocalPlayer.java:192)
  com.sumavision.testcase.LocalPlayer.checkPictureThumb(LocalPlayer.java:192)
  com.sumavision.testcase.LocalPlayer.checkPictureThumb(LocalPlayer.java:192)
  com.sumavision.testcase.LocalPlayer.checkPictureThumb(LocalPlayer.java:192)
  com.sumavision.testcase.LocalPlayer.checkPictureThumb(LocalPlayer.java:192)
  com.sumavision.testcase.LocalPlayer.checkPictureThumb(LocalPlayer.java:192)
  com.sumavision.testcase.LocalPlayer.checkPictureThumb(LocalPlayer.java:192)
  com.sumavision.testcase.LocalPlayer.checkPictureThumb(LocalPlayer.java:192)
  com.sumavision.testcase.LocalPlayer.checkPictureThumb(LocalPlayer.java:192)
  com.sumavision.testcase.LocalPlayer.checkPictureThumb(LocalPlayer.java:192)
  com.sumavision.testcase.LocalPlayer.checkPictureThumb(LocalPlayer.java:192)
  com.sumavision.testcase.LocalPlayer.checkPictureThumb(LocalPlayer.java:192)
  com.sumavision.testcase.LocalPlayer.checkPictureThumb(LocalPlayer.java:192)
  com.sumavision.testcase.LocalPlayer.checkPictureThumb(LocalPlayer.java:192)
  com.sumavision.testcase.LocalPlayer.checkPictureThumb(LocalPlayer.java:192)
  com.sumavision.testcase.LocalPlayer.checkPictureThumb(LocalPlayer.java:192)
  com.sumavision.testcase.LocalPlayer.checkPictureThumb(LocalPlayer.java:192)
  com.sumavision.testcase.LocalPlayer.checkPictureThumb(LocalPlayer.java:192)
  com.sumavision.testcase.LocalPlayer.checkPictureThumb(LocalPlayer.java:192)
  com.sumavision.testcase.LocalPlayer.checkPictureThumb(LocalPlayer.java:192)
  com.sumavision.testcase.LocalPlayer.checkPictureThumb(LocalPlayer.java:192)
  com.sumavision.testcase.LocalPlayer.checkPictureThumb(LocalPlayer.java:192)
  com.sumavision.testcase.LocalPlayer.checkPictureThumb(LocalPlayer.java:192)
  com.sumavision.testcase.LocalPlayer.checkPictureThumb(LocalPlayer.java:192)
  com.sumavision.testcase.LocalPlayer.checkPictureThumb(LocalPlayer.java:192)
  com.sumavision.testcase.LocalPlayer.checkPictureThumb(LocalPlayer.java:192)
  com.sumavision.testcase.LocalPlayer.checkPictureThumb(LocalPlayer.java:192)
  com.sumavision.testcase.LocalPlayer.checkPictureThumb(LocalPlayer.java:192)
  com.sumavision.testcase.LocalPlayer.checkPictureThumb(LocalPlayer.java:192)
  com.sumavision.testcase.LocalPlayer.checkPictureThumb(LocalPlayer.java:192)
  com.sumavision.testcase.LocalPlayer.checkPictureThumb(LocalPlayer.java:192)
  com.sumavision.testcase.LocalPlayer.checkPictureThumb(LocalPlayer.java:192)
  com.sumavision.testcase.LocalPlayer.checkPictureThumb(LocalPlayer.java:192)
  com.sumavision.testcase.LocalPlayer.checkPictureThumb(LocalPlayer.java:192)
  com.sumavision.testcase.LocalPlayer.checkPictureThumb(LocalPlayer.java:192)
  com.sumavision.testcase.LocalPlayer.checkPictureThumb(LocalPlayer.java:192)
  com.sumavision.testcase.LocalPlayer.checkPictureThumb(LocalPlayer.java:192)
  com.sumavision.testcase.LocalPlayer.checkPictureThumb(LocalPlayer.java:192)
  com.sumavision.testcase.LocalPlayer.checkPictureThumb(LocalPlayer.java:192)
  com.sumavision.testcase.LocalPlayer.checkPictureThumb(LocalPlayer.java:192)
  com.sumavision.testcase.LocalPlayer.checkPictureThumb(LocalPlayer.java:192)
  com.sumavision.testcase.LocalPlayer.checkPictureThumb(LocalPlayer.java:192)
  com.sumavision.testcase.LocalPlayer.checkPictureThumb(LocalPlayer.java:192)
  com.sumavision.testcase.LocalPlayer.checkPictureThumb(LocalPlayer.java:192)
  com.sumavision.testcase.LocalPlayer.checkPictureThumb(LocalPlayer.java:192)
  com.sumavision.testcase.LocalPlayer.checkPictureThumb(LocalPlayer.java:192)
  com.sumavision.testcase.LocalPlayer.checkPictureThumb(LocalPlayer.java:192)
  com.sumavision.testcase.LocalPlayer.checkPictureThumb(LocalPlayer.java:192)
  com.sumavision.testcase.LocalPlayer.checkPictureThumb(LocalPlayer.java:192)
  com.sumavision.testcase.LocalPlayer.checkPictureThumb(LocalPlayer.java:192)
  com.sumavision.testcase.LocalPlayer.checkPictureThumb(LocalPlayer.java:192)
  com.sumavision.testcase.LocalPlayer.checkPictureThumb(LocalPlayer.java:192)
  com.sumavision.testcase.LocalPlayer.checkPictureThumb(LocalPlayer.java:192)
  com.sumavision.testcase.LocalPlayer.checkPictureThumb(LocalPlayer.java:192)
  com.sumavision.testcase.LocalPlayer.checkPictureThumb(LocalPlayer.java:192)
  com.sumavision.testcase.LocalPlayer.checkPictureThumb(LocalPlayer.java:192)
  com.sumavision.testcase.LocalPlayer.checkPictureThumb(LocalPlayer.java:192)
  com.sumavision.testcase.LocalPlayer.checkPictureThumb(LocalPlayer.java:192)
  com.sumavision.testcase.LocalPlayer.checkPictureThumb(LocalPlayer.java:192)
  com.sumavision.testcase.LocalPlayer.checkPictureThumb(LocalPlayer.java:192)
  com.sumavision.testcase.LocalPlayer.checkPictureThumb(LocalPlayer.java:192)
  com.sumavision.testcase.LocalPlayer.checkPictureThumb(LocalPlayer.java:192)
  com.sumavision.testcase.LocalPlayer.checkPictureThumb(LocalPlayer.java:192)
  com.sumavision.testcase.LocalPlayer.checkPictureThumb(LocalPlayer.java:192)
  com.sumavision.testcase.LocalPlayer.checkPictureThumb(LocalPlayer.java:192)
  com.sumavision.testcase.LocalPlayer.checkPictureThumb(LocalPlayer.java:192)
  com.sumavision.testcase.LocalPlayer.checkPictureThumb(LocalPlayer.java:192)
  com.sumavision.testcase.LocalPlayer.checkPictureThumb(LocalPlayer.java:192)
  com.sumavision.testcase.LocalPlayer.checkPictureThumb(LocalPlayer.java:192)
  com.sumavision.testcase.LocalPlayer.checkPictureThumb(LocalPlayer.java:192)
  com.sumavision.testcase.LocalPlayer.checkPictureThumb(LocalPlayer.java:192)
  com.sumavision.testcase.LocalPlayer.checkPictureThumb(LocalPlayer.java:192)
  com.sumavision.testcase.LocalPlayer.checkPictureThumb(LocalPlayer.java:192)
  com.sumavision.testcase.LocalPlayer.checkPictureThumb(LocalPlayer.java:192)
  com.sumavision.testcase.LocalPlayer.checkPictureThumb(LocalPlayer.java:192)
  com.sumavision.testcase.LocalPlayer.checkPictureThumb(LocalPlayer.java:192)
  com.sumavision.testcase.LocalPlayer.checkPictureThumb(LocalPlayer.java:192)
  com.sumavision.testcase.LocalPlayer.checkPictureThumb(LocalPlayer.java:192)
  com.sumavision.testcase.LocalPlayer.checkPictureThumb(LocalPlayer.java:192)
  com.sumavision.testcase.LocalPlayer.checkPictureThumb(LocalPlayer.java:192)
  com.sumavision.testcase.LocalPlayer.checkPictureThumb(LocalPlayer.java:192)
  com.sumavision.testcase.LocalPlayer.checkPictureThumb(LocalPlayer.java:192)
  com.sumavision.testcase.LocalPlayer.checkPictureThumb(LocalPlayer.java:192)
  com.sumavision.testcase.LocalPlayer.checkPictureThumb(LocalPlayer.java:192)
  com.sumavision.testcase.LocalPlayer.checkPictureThumb(LocalPlayer.java:192)
  com.sumavision.testcase.LocalPlayer.checkPictureThumb(LocalPlayer.java:192)
  com.sumavision.testcase.LocalPlayer.checkPictureThumb(LocalPlayer.java:192)
  com.sumavision.testcase.LocalPlayer.checkPictureThumb(LocalPlayer.java:192)
  com.sumavision.testcase.LocalPlayer.checkPictureThumb(LocalPlayer.java:192)
  com.sumavision.testcase.LocalPlayer.checkPictureThumb(LocalPlayer.java:192)
  com.sumavision.testcase.LocalPlayer.checkPictureThumb(LocalPlayer.java:192)
  com.sumavision.testcase.LocalPlayer.checkPictureThumb(LocalPlayer.java:192)
  com.sumavision.testcase.LocalPlayer.checkPictureThumb(LocalPlayer.java:192)
  com.sumavision.testcase.LocalPlayer.checkPictureThumb(LocalPlayer.java:192)
  com.sumavision.testcase.LocalPlayer.checkPictureThumb(LocalPlayer.java:192)
  com.sumavision.testcase.LocalPlayer.checkPictureThumb(LocalPlayer.java:192)
  com.sumavision.testcase.LocalPlayer.checkPictureThumb(LocalPlayer.java:192)
  com.sumavision.testcase.LocalPlayer.checkPictureThumb(LocalPlayer.java:192)
  com.sumavision.testcase.LocalPlayer.checkPictureThumb(LocalPlayer.java:192)
  com.sumavision.testcase.LocalPlayer.checkPictureThumb(LocalPlayer.java:192)
  com.sumavision.testcase.LocalPlayer.checkPictureThumb(LocalPlayer.java:192)
  com.sumavision.testcase.LocalPlayer.checkPictureThumb(LocalPlayer.java:192)
  com.sumavision.testcase.LocalPlayer.checkPictureThumb(LocalPlayer.java:192)
  com.sumavision.testcase.LocalPlayer.checkPictureThumb(LocalPlayer.java:192)
  com.sumavision.testcase.LocalPlayer.checkPictureThumb(LocalPlayer.java:192)
  com.sumavision.testcase.LocalPlayer.checkPictureThumb(LocalPlayer.java:192)
  com.sumavision.testcase.LocalPlayer.checkPictureThumb(LocalPlayer.java:192)
  com.sumavision.testcase.LocalPlayer.checkPictureThumb(LocalPlayer.java:192)
  com.sumavision.testcase.LocalPlayer.checkPictureThumb(LocalPlayer.java:192)
  com.sumavision.testcase.LocalPlayer.checkPictureThumb(LocalPlayer.java:192)
  com.sumavision.testcase.LocalPlayer.checkPictureThumb(LocalPlayer.java:192)
  com.sumavision.testcase.LocalPlayer.checkPictureThumb(LocalPlayer.java:192)
  com.sumavision.testcase.LocalPlayer.checkPictureThumb(LocalPlayer.java:192)
  com.sumavision.testcase.LocalPlayer.checkPictureThumb(LocalPlayer.java:192)
  com.sumavision.testcase.LocalPlayer.checkPictureThumb(LocalPlayer.java:192)
  com.sumavision.testcase.LocalPlayer.checkPictureThumb(LocalPlayer.java:192)
  com.sumavision.testcase.LocalPlayer.checkPictureThumb(LocalPlayer.java:192)
  com.sumavision.testcase.LocalPlayer.checkPictureThumb(LocalPlayer.java:192)
  com.sumavision.testcase.LocalPlayer.checkPictureThumb(LocalPlayer.java:192)
  com.sumavision.testcase.LocalPlayer.checkPictureThumb(LocalPlayer.java:192)
  com.sumavision.testcase.LocalPlayer.checkPictureThumb(LocalPlayer.java:192)
  com.sumavision.testcase.LocalPlayer.checkPictureThumb(LocalPlayer.java:192)
  com.sumavision.testcase.LocalPlayer.checkPictureThumb(LocalPlayer.java:192)
  com.sumavision.testcase.LocalPlayer.checkPictureThumb(LocalPlayer.java:192)
  com.sumavision.testcase.LocalPlayer.checkPictureThumb(LocalPlayer.java:192)
  com.sumavision.testcase.LocalPlayer.checkPictureThumb(LocalPlayer.java:192)
  com.sumavision.testcase.LocalPlayer.checkPictureThumb(LocalPlayer.java:192)
  com.sumavision.testcase.LocalPlayer.checkPictureThumb(LocalPlayer.java:192)
  com.sumavision.testcase.LocalPlayer.checkPictureThumb(LocalPlayer.java:192)
  com.sumavision.testcase.LocalPlayer.checkPictureThumb(LocalPlayer.java:192)
  com.sumavision.testcase.LocalPlayer.checkPictureThumb(LocalPlayer.java:192)
  com.sumavision.testcase.LocalPlayer.checkPictureThumb(LocalPlayer.java:192)
  com.sumavision.testcase.LocalPlayer.checkPictureThumb(LocalPlayer.java:192)
  com.sumavision.testcase.LocalPlayer.checkPictureThumb(LocalPlayer.java:192)
  com.sumavision.testcase.LocalPlayer.checkPictureThumb(LocalPlayer.java:192)
  com.sumavision.testcase.LocalPlayer.checkPictureThumb(LocalPlayer.java:192)
  com.sumavision.testcase.LocalPlayer.checkPictureThumb(LocalPlayer.java:192)
  com.sumavision.testcase.LocalPlayer.checkPictureThumb(LocalPlayer.java:192)
  com.sumavision.testcase.LocalPlayer.checkPictureThumb(LocalPlayer.java:192)
  com.sumavision.testcase.LocalPlayer.checkPictureThumb(LocalPlayer.java:192)
  com.sumavision.testcase.LocalPlayer.checkPictureThumb(LocalPlayer.java:192)
  com.sumavision.testcase.LocalPlayer.checkPictureThumb(LocalPlayer.java:192)
  com.sumavision.testcase.LocalPlayer.checkPictureThumb(LocalPlayer.java:192)
  com.sumavision.testcase.LocalPlayer.checkPictureThumb(LocalPlayer.java:192)
  com.sumavision.testcase.LocalPlayer.checkPictureThumb(LocalPlayer.java:192)
  com.sumavision.testcase.LocalPlayer.checkPictureThumb(LocalPlayer.java:192)
  com.sumavision.testcase.LocalPlayer.checkPictureThumb(LocalPlayer.java:192)
  com.sumavision.testcase.LocalPlayer.checkPictureThumb(LocalPlayer.java:192)
  com.sumavision.testcase.LocalPlayer.checkPictureThumb(LocalPlayer.java:192)
  com.sumavision.testcase.LocalPlayer.checkPictureThumb(LocalPlayer.java:192)
  com.sumavision.testcase.LocalPlayer.checkPictureThumb(LocalPlayer.java:192)
  com.sumavision.testcase.LocalPlayer.checkPictureThumb(LocalPlayer.java:192)
  com.sumavision.testcase.LocalPlayer.checkPictureThumb(LocalPlayer.java:192)
  com.sumavision.testcase.LocalPlayer.checkPictureThumb(LocalPlayer.java:192)
  com.sumavision.testcase.LocalPlayer.checkPictureThumb(LocalPlayer.java:192)
  com.sumavision.testcase.LocalPlayer.checkPictureThumb(LocalPlayer.java:192)
  com.sumavision.testcase.LocalPlayer.checkPictureThumb(LocalPlayer.java:192)
  com.sumavision.testcase.LocalPlayer.checkPictureThumb(LocalPlayer.java:192)
  com.sumavision.testcase.LocalPlayer.checkPictureThumb(LocalPlayer.java:192)
  com.sumavision.testcase.LocalPlayer.checkPictureThumb(LocalPlayer.java:192)
  com.sumavision.testcase.LocalPlayer.checkPictureThumb(LocalPlayer.java:192)
  com.sumavision.testcase.LocalPlayer.checkPictureThumb(LocalPlayer.java:192)
  com.sumavision.testcase.LocalPlayer.checkPictureThumb(LocalPlayer.java:192)
  com.sumavision.testcase.LocalPlayer.checkPictureThumb(LocalPlayer.java:192)
  com.sumavision.testcase.LocalPlayer.checkPictureThumb(LocalPlayer.java:192)
  com.sumavision.testcase.LocalPlayer.checkPictureThumb(LocalPlayer.java:192)
  com.sumavision.testcase.LocalPlayer.checkPictureThumb(LocalPlayer.java:192)
  com.sumavision.testcase.LocalPlayer.checkPictureThumb(LocalPlayer.java:192)
  com.sumavision.testcase.LocalPlayer.checkPictureThumb(LocalPlayer.java:192)
  com.sumavision.testcase.LocalPlayer.checkPictureThumb(LocalPlayer.java:192)
  com.sumavision.testcase.LocalPlayer.checkPictureThumb(LocalPlayer.java:192)
  com.sumavision.testcase.LocalPlayer.checkPictureThumb(LocalPlayer.java:192)
  com.sumavision.testcase.LocalPlayer.checkPictureThumb(LocalPlayer.java:192)
  com.sumavision.testcase.LocalPlayer.checkPictureThumb(LocalPlayer.java:192)
  com.sumavision.testcase.LocalPlayer.checkPictureThumb(LocalPlayer.java:192)
  com.sumavision.testcase.LocalPlayer.checkPictureThumb(LocalPlayer.java:192)
  com.sumavision.testcase.LocalPlayer.checkPictureThumb(LocalPlayer.java:192)
  com.sumavision.testcase.LocalPlayer.checkPictureThumb(LocalPlayer.java:192)
  com.sumavision.testcase.LocalPlayer.checkPictureThumb(LocalPlayer.java:192)
  com.sumavision.testcase.LocalPlayer.checkPictureThumb(LocalPlayer.java:192)
  com.sumavision.testcase.LocalPlayer.checkPictureThumb(LocalPlayer.java:192)
  com.sumavision.testcase.LocalPlayer.checkPictureThumb(LocalPlayer.java:192)
  com.sumavision.testcase.LocalPlayer.checkPictureThumb(LocalPlayer.java:192)
  com.sumavision.testcase.LocalPlayer.checkPictureThumb(LocalPlayer.java:192)
  com.sumavision.testcase.LocalPlayer.checkPictureThumb(LocalPlayer.java:192)
  com.sumavision.testcase.LocalPlayer.checkPictureThumb(LocalPlayer.java:192)
  com.sumavision.testcase.LocalPlayer.checkPictureThumb(LocalPlayer.java:192)
  com.sumavision.testcase.LocalPlayer.checkPictureThumb(LocalPlayer.java:192)
  com.sumavision.testcase.LocalPlayer.checkPictureThumb(LocalPlayer.java:192)
  com.sumavision.testcase.LocalPlayer.checkPictureThumb(LocalPlayer.java:192)
  com.sumavision.testcase.LocalPlayer.checkPictureThumb(LocalPlayer.java:192)
  com.sumavision.testcase.LocalPlayer.checkPictureThumb(LocalPlayer.java:192)
  com.sumavision.testcase.LocalPlayer.checkPictureThumb(LocalPlayer.java:192)
  com.sumavision.testcase.LocalPlayer.checkPictureThumb(LocalPlayer.java:192)
  com.sumavision.testcase.LocalPlayer.checkPictureThumb(LocalPlayer.java:192)
  com.sumavision.testcase.LocalPlayer.checkPictureThumb(LocalPlayer.java:192)
  com.sumavision.testcase.LocalPlayer.checkPictureThumb(LocalPlayer.java:192)
  com.sumavision.testcase.LocalPlayer.checkPictureThumb(LocalPlayer.java:192)
  com.sumavision.testcase.LocalPlayer.checkPictureThumb(LocalPlayer.java:192)
  com.sumavision.testcase.LocalPlayer.checkPictureThumb(LocalPlayer.java:192)
  com.sumavision.testcase.LocalPlayer.checkPictureThumb(LocalPlayer.java:192)
  com.sumavision.testcase.LocalPlayer.checkPictureThumb(LocalPlayer.java:192)
  com.sumavision.testcase.LocalPlayer.checkPictureThumb(LocalPlayer.java:192)
  com.sumavision.testcase.LocalPlayer.checkPictureThumb(LocalPlayer.java:192)
  com.sumavision.testcase.LocalPlayer.checkPictureThumb(LocalPlayer.java:192)
  com.sumavision.testcase.LocalPlayer.checkPictureThumb(LocalPlayer.java:192)
  com.sumavision.testcase.LocalPlayer.checkPictureThumb(LocalPlayer.java:192)
  com.sumavision.testcase.LocalPlayer.checkPictureThumb(LocalPlayer.java:192)
  com.sumavision.testcase.LocalPlayer.checkPictureThumb(LocalPlayer.java:192)
  com.sumavision.testcase.LocalPlayer.checkPictureThumb(LocalPlayer.java:192)
  com.sumavision.testcase.LocalPlayer.checkPictureThumb(LocalPlayer.java:192)
  com.sumavision.testcase.LocalPlayer.checkPictureThumb(LocalPlayer.java:192)
  com.sumavision.testcase.LocalPlayer.checkPictureThumb(LocalPlayer.java:192)
  com.sumavision.testcase.LocalPlayer.checkPictureThumb(LocalPlayer.java:192)
  com.sumavision.testcase.LocalPlayer.checkPictureThumb(LocalPlayer.java:192)
  com.sumavision.testcase.LocalPlayer.checkPictureThumb(LocalPlayer.java:192)
  com.sumavision.testcase.LocalPlayer.checkPictureThumb(LocalPlayer.java:192)
  com.sumavision.testcase.LocalPlayer.checkPictureThumb(LocalPlayer.java:192)
  com.sumavision.testcase.LocalPlayer.checkPictureThumb(LocalPlayer.java:192)
  com.sumavision.testcase.LocalPlayer.checkPictureThumb(LocalPlayer.java:192)
  com.sumavision.testcase.LocalPlayer.checkPictureThumb(LocalPlayer.java:192)
  com.sumavision.testcase.LocalPlayer.checkPictureThumb(LocalPlayer.java:192)
  com.sumavision.testcase.LocalPlayer.checkPictureThumb(LocalPlayer.java:192)
  com.sumavision.testcase.LocalPlayer.checkPictureThumb(LocalPlayer.java:192)
  com.sumavision.testcase.LocalPlayer.checkPictureThumb(LocalPlayer.java:192)
  com.sumavision.testcase.LocalPlayer.checkPictureThumb(LocalPlayer.java:192)
  com.sumavision.testcase.LocalPlayer.checkPictureThumb(LocalPlayer.java:192)
  com.sumavision.testcase.LocalPlayer.checkPictureThumb(LocalPlayer.java:192)
  com.sumavision.testcase.LocalPlayer.checkPictureThumb(LocalPlayer.java:192)
  com.sumavision.testcase.LocalPlayer.checkPictureThumb(LocalPlayer.java:192)
  com.sumavision.testcase.LocalPlayer.checkPictureThumb(LocalPlayer.java:192)
  com.sumavision.testcase.LocalPlayer.checkPictureThumb(LocalPlayer.java:192)
  com.sumavision.testcase.LocalPlayer.checkPictureThumb(LocalPlayer.java:192)
  com.sumavision.testcase.LocalPlayer.checkPictureThumb(LocalPlayer.java:192)
  com.sumavision.testcase.LocalPlayer.checkPictureThumb(LocalPlayer.java:192)
  com.sumavision.testcase.LocalPlayer.checkPictureThumb(LocalPlayer.java:192)
  com.sumavision.testcase.LocalPlayer.checkPictureThumb(LocalPlayer.java:192)
  com.sumavision.testcase.LocalPlayer.checkPictureThumb(LocalPlayer.java:192)
  com.sumavision.testcase.LocalPlayer.checkPictureThumb(LocalPlayer.java:192)
  com.sumavision.testcase.LocalPlayer.checkPictureThumb(LocalPlayer.java:192)
  com.sumavision.testcase.LocalPlayer.checkPictureThumb(LocalPlayer.java:192)
  com.sumavision.testcase.LocalPlayer.checkPictureThumb(LocalPlayer.java:192)
  com.sumavision.testcase.LocalPlayer.checkPictureThumb(LocalPlayer.java:192)
  com.sumavision.testcase.LocalPlayer.checkPictureThumb(LocalPlayer.java:192)
  com.sumavision.testcase.LocalPlayer.checkPictureThumb(LocalPlayer.java:192)
  com.sumavision.testcase.LocalPlayer.checkPictureThumb(LocalPlayer.java:192)
  com.sumavision.testcase.LocalPlayer.checkPictureThumb(LocalPlayer.java:192)
  com.sumavision.testcase.LocalPlayer.checkPictureThumb(LocalPlayer.java:192)
  com.sumavision.testcase.LocalPlayer.checkPictureThumb(LocalPlayer.java:192)
  com.sumavision.testcase.LocalPlayer.checkPictureThumb(LocalPlayer.java:192)
  com.sumavision.testcase.LocalPlayer.checkPictureThumb(LocalPlayer.java:192)
  com.sumavision.testcase.LocalPlayer.checkPictureThumb(LocalPlayer.java:192)
  com.sumavision.testcase.LocalPlayer.checkPictureThumb(LocalPlayer.java:192)
  com.sumavision.testcase.LocalPlayer.checkPictureThumb(LocalPlayer.java:192)
  com.sumavision.testcase.LocalPlayer.checkPictureThumb(LocalPlayer.java:192)
  com.sumavision.testcase.LocalPlayer.checkPictureThumb(LocalPlayer.java:192)
  com.sumavision.testcase.LocalPlayer.checkPictureThumb(LocalPlayer.java:192)
  com.sumavision.testcase.LocalPlayer.checkPictureThumb(LocalPlayer.java:192)
  com.sumavision.testcase.LocalPlayer.checkPictureThumb(LocalPlayer.java:192)
  com.sumavision.testcase.LocalPlayer.checkPictureThumb(LocalPlayer.java:192)
  com.sumavision.testcase.LocalPlayer.checkPictureThumb(LocalPlayer.java:192)
  com.sumavision.testcase.LocalPlayer.checkPictureThumb(LocalPlayer.java:192)
  com.sumavision.testcase.LocalPlayer.checkPictureThumb(LocalPlayer.java:192)
  com.sumavision.testcase.LocalPlayer.checkPictureThumb(LocalPlayer.java:192)
  com.sumavision.testcase.LocalPlayer.checkPictureThumb(LocalPlayer.java:192)
  com.sumavision.testcase.LocalPlayer.checkPictureThumb(LocalPlayer.java:192)
  com.sumavision.testcase.LocalPlayer.checkPictureThumb(LocalPlayer.java:192)
  com.sumavision.testcase.LocalPlayer.checkPictureThumb(LocalPlayer.java:192)
  com.sumavision.testcase.LocalPlayer.checkPictureThumb(LocalPlayer.java:192)
  com.sumavision.testcase.LocalPlayer.checkPictureThumb(LocalPlayer.java:192)
  com.sumavision.testcase.LocalPlayer.checkPictureThumb(LocalPlayer.java:192)
  com.sumavision.testcase.LocalPlayer.checkPictureThumb(LocalPlayer.java:192)
  com.sumavision.testcase.LocalPlayer.checkPictureThumb(LocalPlayer.java:192)
  com.sumavision.testcase.LocalPlayer.checkPictureThumb(LocalPlayer.java:192)
  com.sumavision.testcase.LocalPlayer.checkPictureThumb(LocalPlayer.java:192)
  com.sumavision.testcase.LocalPlayer.checkPictureThumb(LocalPlayer.java:192)
  com.sumavision.testcase.LocalPlayer.checkPictureThumb(LocalPlayer.java:192)
  com.sumavision.testcase.LocalPlayer.checkPictureThumb(LocalPlayer.java:192)
  com.sumavision.testcase.LocalPlayer.checkPictureThumb(LocalPlayer.java:192)
  com.sumavision.testcase.LocalPlayer.checkPictureThumb(LocalPlayer.java:192)
  com.sumavision.testcase.LocalPlayer.checkPictureThumb(LocalPlayer.java:192)
  com.sumavision.testcase.LocalPlayer.checkPictureThumb(LocalPlayer.java:192)
  com.sumavision.testcase.LocalPlayer.checkPictureThumb(LocalPlayer.java:192)
  com.sumavision.testcase.LocalPlayer.checkPictureThumb(LocalPlayer.java:192)
  com.sumavision.testcase.LocalPlayer.checkPictureThumb(LocalPlayer.java:192)
  com.sumavision.testcase.LocalPlayer.checkPictureThumb(LocalPlayer.java:192)
  com.sumavision.testcase.LocalPlayer.checkPictureThumb(LocalPlayer.java:192)
  com.sumavision.testcase.LocalPlayer.checkPictureThumb(LocalPlayer.java:192)
  com.sumavision.testcase.LocalPlayer.checkPictureThumb(LocalPlayer.java:192)
  com.sumavision.testcase.LocalPlayer.checkPictureThumb(LocalPlayer.java:192)
  com.sumavision.testcase.LocalPlayer.checkPictureThumb(LocalPlayer.java:192)
  com.sumavision.testcase.LocalPlayer.checkPictureThumb(LocalPlayer.java:192)
  com.sumavision.testcase.LocalPlayer.checkPictureThumb(LocalPlayer.java:192)
  com.sumavision.testcase.LocalPlayer.checkPictureThumb(LocalPlayer.java:192)
  com.sumavision.testcase.LocalPlayer.checkPictureThumb(LocalPlayer.java:192)
  com.sumavision.testcase.LocalPlayer.checkPictureThumb(LocalPlayer.java:192)
  com.sumavision.testcase.LocalPlayer.checkPictureThumb(LocalPlayer.java:192)
  com.sumavision.testcase.LocalPlayer.checkPictureThumb(LocalPlayer.java:192)
  com.sumavision.testcase.LocalPlayer.checkPictureThumb(LocalPlayer.java:192)
  com.sumavision.testcase.LocalPlayer.checkPictureThumb(LocalPlayer.java:192)
  com.sumavision.testcase.LocalPlayer.checkPictureThumb(LocalPlayer.java:192)
  com.sumavision.testcase.LocalPlayer.checkPictureThumb(LocalPlayer.java:192)
  com.sumavision.testcase.LocalPlayer.checkPictureThumb(LocalPlayer.java:192)
  com.sumavision.testcase.LocalPlayer.checkPictureThumb(LocalPlayer.java:192)
  com.sumavision.testcase.LocalPlayer.checkPictureThumb(LocalPlayer.java:192)
  com.sumavision.testcase.LocalPlayer.checkPictureThumb(LocalPlayer.java:192)
  com.sumavision.testcase.LocalPlayer.checkPictureThumb(LocalPlayer.java:192)
  com.sumavision.testcase.LocalPlayer.checkPictureThumb(LocalPlayer.java:192)
  com.sumavision.testcase.LocalPlayer.checkPictureThumb(LocalPlayer.java:192)
  com.sumavision.testcase.LocalPlayer.checkPictureThumb(LocalPlayer.java:192)
  com.sumavision.testcase.LocalPlayer.checkPictureThumb(LocalPlayer.java:192)
  com.sumavision.testcase.LocalPlayer.checkPictureThumb(LocalPlayer.java:192)
  com.sumavision.testcase.LocalPlayer.checkPictureThumb(LocalPlayer.java:192)
  com.sumavision.testcase.LocalPlayer.checkPictureThumb(LocalPlayer.java:192)
  com.sumavision.testcase.LocalPlayer.checkPictureThumb(LocalPlayer.java:192)
  com.sumavision.testcase.LocalPlayer.checkPictureThumb(LocalPlayer.java:192)
  com.sumavision.testcase.LocalPlayer.checkPictureThumb(LocalPlayer.java:192)
  com.sumavision.testcase.LocalPlayer.checkPictureThumb(LocalPlayer.java:192)
  com.sumavision.testcase.LocalPlayer.checkPictureThumb(LocalPlayer.java:192)
  com.sumavision.testcase.LocalPlayer.checkPictureThumb(LocalPlayer.java:192)
  com.sumavision.testcase.LocalPlayer.checkPictureThumb(LocalPlayer.java:192)
  com.sumavision.testcase.LocalPlayer.checkPictureThumb(LocalPlayer.java:192)
  com.sumavision.testcase.LocalPlayer.checkPictureThumb(LocalPlayer.java:192)
  com.sumavision.testcase.LocalPlayer.checkPictureThumb(LocalPlayer.java:192)
  com.sumavision.testcase.LocalPlayer.checkPictureThumb(LocalPlayer.java:192)
  com.sumavision.testcase.LocalPlayer.checkPictureThumb(LocalPlayer.java:192)
  com.sumavision.testcase.LocalPlayer.checkPictureThumb(LocalPlayer.java:192)
  com.sumavision.testcase.LocalPlayer.checkPictureThumb(LocalPlayer.java:192)
  com.sumavision.testcase.LocalPlayer.checkPictureThumb(LocalPlayer.java:192)
  com.sumavision.testcase.LocalPlayer.checkPictureThumb(LocalPlayer.java:192)
  com.sumavision.testcase.LocalPlayer.checkPictureThumb(LocalPlayer.java:192)
  com.sumavision.testcase.LocalPlayer.checkPictureThumb(LocalPlayer.java:192)
  com.sumavision.testcase.LocalPlayer.checkPictureThumb(LocalPlayer.java:192)
  com.sumavision.testcase.LocalPlayer.checkPictureThumb(LocalPlayer.java:192)
  com.sumavision.testcase.LocalPlayer.checkPictureThumb(LocalPlayer.java:192)
  com.sumavision.testcase.LocalPlayer.checkPictureThumb(LocalPlayer.java:192)
  com.sumavision.testcase.LocalPlayer.checkPictureThumb(LocalPlayer.java:192)
  com.sumavision.testcase.LocalPlayer.checkPictureThumb(LocalPlayer.java:192)
  com.sumavision.testcase.LocalPlayer.checkPictureThumb(LocalPlayer.java:192)
  com.sumavision.testcase.LocalPlayer.checkPictureThumb(LocalPlayer.java:192)
  com.sumavision.testcase.LocalPlayer.checkPictureThumb(LocalPlayer.java:192)
  com.sumavision.testcase.LocalPlayer.checkPictureThumb(LocalPlayer.java:192)
  com.sumavision.testcase.LocalPlayer.checkPictureThumb(LocalPlayer.java:192)
  com.sumavision.testcase.LocalPlayer.checkPictureThumb(LocalPlayer.java:192)
  com.sumavision.testcase.LocalPlayer.checkPictureThumb(LocalPlayer.java:192)
  com.sumavision.testcase.LocalPlayer.checkPictureThumb(LocalPlayer.java:192)
  com.sumavision.testcase.LocalPlayer.checkPictureThumb(LocalPlayer.java:192)
  com.sumavision.testcase.LocalPlayer.checkPictureThumb(LocalPlayer.java:192)
  com.sumavision.testcase.LocalPlayer.checkPictureThumb(LocalPlayer.java:192)
  com.sumavision.testcase.LocalPlayer.checkPictureThumb(LocalPlayer.java:192)
  com.sumavision.testcase.LocalPlayer.checkPictureThumb(LocalPlayer.java:192)
  com.sumavision.testcase.LocalPlayer.checkPictureThumb(LocalPlayer.java:192)
  com.sumavision.testcase.LocalPlayer.checkPictureThumb(LocalPlayer.java:192)
  com.sumavision.testcase.LocalPlayer.checkPictureThumb(LocalPlayer.java:192)
  com.sumavision.testcase.LocalPlayer.checkPictureThumb(LocalPlayer.java:192)
  com.sumavision.testcase.LocalPlayer.checkPictureThumb(LocalPlayer.java:192)
  com.sumavision.testcase.LocalPlayer.checkPictureThumb(LocalPlayer.java:192)
  com.sumavision.testcase.LocalPlayer.checkPictureThumb(LocalPlayer.java:192)
  com.sumavision.testcase.LocalPlayer.checkPictureThumb(LocalPlayer.java:192)
  com.sumavision.testcase.LocalPlayer.checkPictureThumb(LocalPlayer.java:192)
  com.sumavision.testcase.LocalPlayer.checkPictureThumb(LocalPlayer.java:192)
  com.sumavision.testcase.LocalPlayer.checkPictureThumb(LocalPlayer.java:192)
  com.sumavision.testcase.LocalPlayer.checkPictureThumb(LocalPlayer.java:192)
  com.sumavision.testcase.LocalPlayer.checkPictureThumb(LocalPlayer.java:192)
  com.sumavision.testcase.LocalPlayer.checkPictureThumb(LocalPlayer.java:192)
  com.sumavision.testcase.LocalPlayer.checkPictureThumb(LocalPlayer.java:192)
  com.sumavision.testcase.LocalPlayer.checkPictureThumb(LocalPlayer.java:192)
  com.sumavision.testcase.LocalPlayer.checkPictureThumb(LocalPlayer.java:192)
  com.sumavision.testcase.LocalPlayer.checkPictureThumb(LocalPlayer.java:192)
  com.sumavision.testcase.LocalPlayer.checkPictureThumb(LocalPlayer.java:192)
  com.sumavision.testcase.LocalPlayer.checkPictureThumb(LocalPlayer.java:192)
  com.sumavision.testcase.LocalPlayer.checkPictureThumb(LocalPlayer.java:192)
  com.sumavision.testcase.LocalPlayer.checkPictureThumb(LocalPlayer.java:192)
  com.sumavision.testcase.LocalPlayer.checkPictureThumb(LocalPlayer.java:192)
  com.sumavision.testcase.LocalPlayer.checkPictureThumb(LocalPlayer.java:192)
  com.sumavision.testcase.LocalPlayer.checkPictureThumb(LocalPlayer.java:192)
  com.sumavision.testcase.LocalPlayer.checkPictureThumb(LocalPlayer.java:192)
  com.sumavision.testcase.LocalPlayer.checkPictureThumb(LocalPlayer.java:192)
  com.sumavision.testcase.LocalPlayer.checkPictureThumb(LocalPlayer.java:192)
  com.sumavision.testcase.LocalPlayer.checkPictureThumb(LocalPlayer.java:192)
  com.sumavision.testcase.LocalPlayer.checkPictureThumb(LocalPlayer.java:192)
  com.sumavision.testcase.LocalPlayer.checkPictureThumb(LocalPlayer.java:192)
  com.sumavision.testcase.LocalPlayer.checkPictureThumb(LocalPlayer.java:192)
  com.sumavision.testcase.LocalPlayer.checkPictureThumb(LocalPlayer.java:192)
  com.sumavision.testcase.LocalPlayer.checkPictureThumb(LocalPlayer.java:192)
  com.sumavision.testcase.LocalPlayer.checkPictureThumb(LocalPlayer.java:192)
  com.sumavision.testcase.LocalPlayer.checkPictureThumb(LocalPlayer.java:192)
  com.sumavision.testcase.LocalPlayer.checkPictureThumb(LocalPlayer.java:192)
  com.sumavision.testcase.LocalPlayer.checkPictureThumb(LocalPlayer.java:192)
  com.sumavision.testcase.LocalPlayer.checkPictureThumb(LocalPlayer.java:192)
  com.sumavision.testcase.LocalPlayer.checkPictureThumb(LocalPlayer.java:192)
  com.sumavision.testcase.LocalPlayer.checkPictureThumb(LocalPlayer.java:192)
  com.sumavision.testcase.LocalPlayer.checkPictureThumb(LocalPlayer.java:192)
  com.sumavision.testcase.LocalPlayer.checkPictureThumb(LocalPlayer.java:192)
  com.sumavision.testcase.LocalPlayer.checkPictureThumb(LocalPlayer.java:192)
  com.sumavision.testcase.LocalPlayer.checkPictureThumb(LocalPlayer.java:192)
  com.sumavision.testcase.LocalPlayer.checkPictureThumb(LocalPlayer.java:192)
  com.sumavision.testcase.LocalPlayer.checkPictureThumb(LocalPlayer.java:192)
  com.sumavision.testcase.LocalPlayer.checkPictureThumb(LocalPlayer.java:192)
  com.sumavision.testcase.LocalPlayer.checkPictureThumb(LocalPlayer.java:192)
  com.sumavision.testcase.LocalPlayer.checkPictureThumb(LocalPlayer.java:192)
  com.sumavision.testcase.LocalPlayer.checkPictureThumb(LocalPlayer.java:192)
  com.sumavision.testcase.LocalPlayer.checkPictureThumb(LocalPlayer.java:192)
  com.sumavision.testcase.LocalPlayer.checkPictureThumb(LocalPlayer.java:192)
  com.sumavision.testcase.LocalPlayer.checkPictureThumb(LocalPlayer.java:192)
  com.sumavision.testcase.LocalPlayer.checkPictureThumb(LocalPlayer.java:192)
  com.sumavision.testcase.LocalPlayer.checkPictureThumb(LocalPlayer.java:192)
  com.sumavision.testcase.LocalPlayer.checkPictureThumb(LocalPlayer.java:192)
  com.sumavision.testcase.LocalPlayer.checkPictureThumb(LocalPlayer.java:192)
  com.sumavision.testcase.LocalPlayer.checkPictureThumb(LocalPlayer.java:192)
  com.sumavision.testcase.LocalPlayer.checkPictureThumb(LocalPlayer.java:192)
  com.sumavision.testcase.LocalPlayer.checkPictureThumb(LocalPlayer.java:192)
  com.sumavision.testcase.LocalPlayer.checkPictureThumb(LocalPlayer.java:192)
  com.sumavision.testcase.LocalPlayer.checkPictureThumb(LocalPlayer.java:192)
  com.sumavision.testcase.LocalPlayer.checkPictureThumb(LocalPlayer.java:192)
  com.sumavision.testcase.LocalPlayer.checkPictureThumb(LocalPlayer.java:192)
  com.sumavision.testcase.LocalPlayer.checkPictureThumb(LocalPlayer.java:192)
  com.sumavision.testcase.LocalPlayer.checkPictureThumb(LocalPlayer.java:192)
  com.sumavision.testcase.LocalPlayer.checkPictureThumb(LocalPlayer.java:192)
  com.sumavision.testcase.LocalPlayer.checkPictureThumb(LocalPlayer.java:192)
  com.sumavision.testcase.LocalPlayer.checkPictureThumb(LocalPlayer.java:192)
  com.sumavision.testcase.LocalPlayer.checkPictureThumb(LocalPlayer.java:192)
  com.sumavision.testcase.LocalPlayer.checkPictureThumb(LocalPlayer.java:192)
  com.sumavision.testcase.LocalPlayer.checkPictureThumb(LocalPlayer.java:192)
  com.sumavision.testcase.LocalPlayer.checkPictureThumb(LocalPlayer.java:192)
  com.sumavision.testcase.LocalPlayer.checkPictureThumb(LocalPlayer.java:192)
  com.sumavision.testcase.LocalPlayer.checkPictureThumb(LocalPlayer.java:192)
  com.sumavision.testcase.LocalPlayer.checkPictureThumb(LocalPlayer.java:192)
  com.sumavision.testcase.LocalPlayer.checkPictureThumb(LocalPlayer.java:192)
  com.sumavision.testcase.LocalPlayer.checkPictureThumb(LocalPlayer.java:192)
  com.sumavision.testcase.LocalPlayer.checkPictureThumb(LocalPlayer.java:192)
  com.sumavision.testcase.LocalPlayer.checkPictureThumb(LocalPlayer.java:192)
  com.sumavision.testcase.LocalPlayer.checkPictureThumb(LocalPlayer.java:192)
  com.sumavision.testcase.LocalPlayer.checkPictureThumb(LocalPlayer.java:192)
  com.sumavision.testcase.LocalPlayer.checkPictureThumb(LocalPlayer.java:192)
  com.sumavision.testcase.LocalPlayer.checkPictureThumb(LocalPlayer.java:192)
  com.sumavision.testcase.LocalPlayer.checkPictureThumb(LocalPlayer.java:192)
  com.sumavision.testcase.LocalPlayer.checkPictureThumb(LocalPlayer.java:192)
  com.sumavision.testcase.LocalPlayer.checkPictureThumb(LocalPlayer.java:192)
  com.sumavision.testcase.LocalPlayer.checkPictureThumb(LocalPlayer.java:192)
  com.sumavision.testcase.LocalPlayer.checkPictureThumb(LocalPlayer.java:192)
  com.sumavision.testcase.LocalPlayer.checkPictureThumb(LocalPlayer.java:192)
  com.sumavision.testcase.LocalPlayer.checkPictureThumb(LocalPlayer.java:192)
  com.sumavision.testcase.LocalPlayer.checkPictureThumb(LocalPlayer.java:192)
  com.sumavision.testcase.LocalPlayer.checkPictureThumb(LocalPlayer.java:192)
  com.sumavision.testcase.LocalPlayer.checkPictureThumb(LocalPlayer.java:192)
  com.sumavision.testcase.LocalPlayer.checkPictureThumb(LocalPlayer.java:192)
  com.sumavision.testcase.LocalPlayer.checkPictureThumb(LocalPlayer.java:192)
  com.sumavision.testcase.LocalPlayer.checkPictureThumb(LocalPlayer.java:192)
  com.sumavision.testcase.LocalPlayer.checkPictureThumb(LocalPlayer.java:192)
  com.sumavision.testcase.LocalPlayer.checkPictureThumb(LocalPlayer.java:192)
  com.sumavision.testcase.LocalPlayer.checkPictureThumb(LocalPlayer.java:192)
  com.sumavision.testcase.LocalPlayer.checkPictureThumb(LocalPlayer.java:192)
  com.sumavision.testcase.LocalPlayer.checkPictureThumb(LocalPlayer.java:192)
  com.sumavision.testcase.LocalPlayer.checkPictureThumb(LocalPlayer.java:192)
  com.sumavision.testcase.LocalPlayer.checkPictureThumb(LocalPlayer.java:192)
  com.sumavision.testcase.LocalPlayer.checkPictureThumb(LocalPlayer.java:192)
  com.sumavision.testcase.LocalPlayer.checkPictureThumb(LocalPlayer.java:192)
  com.sumavision.testcase.LocalPlayer.checkPictureThumb(LocalPlayer.java:192)
  com.sumavision.testcase.LocalPlayer.checkPictureThumb(LocalPlayer.java:192)
  com.sumavision.testcase.LocalPlayer.checkPictureThumb(LocalPlayer.java:192)
  com.sumavision.testcase.LocalPlayer.checkPictureThumb(LocalPlayer.java:192)
  com.sumavision.testcase.LocalPlayer.checkPictureThumb(LocalPlayer.java:192)
  com.sumavision.testcase.LocalPlayer.checkPictureThumb(LocalPlayer.java:192)
  com.sumavision.testcase.LocalPlayer.checkPictureThumb(LocalPlayer.java:192)
  com.sumavision.testcase.LocalPlayer.checkPictureThumb(LocalPlayer.java:192)
  com.sumavision.testcase.LocalPlayer.checkPictureThumb(LocalPlayer.java:192)
  com.sumavision.testcase.LocalPlayer.checkPictureThumb(LocalPlayer.java:192)
  com.sumavision.testcase.LocalPlayer.checkPictureThumb(LocalPlayer.java:192)
  com.sumavision.testcase.LocalPlayer.checkPictureThumb(LocalPlayer.java:192)
  com.sumavision.testcase.LocalPlayer.checkPictureThumb(LocalPlayer.java:192)
  com.sumavision.testcase.LocalPlayer.checkPictureThumb(LocalPlayer.java:192)
  com.sumavision.testcase.LocalPlayer.checkPictureThumb(LocalPlayer.java:192)
  com.sumavision.testcase.LocalPlayer.checkPictureThumb(LocalPlayer.java:192)
  com.sumavision.testcase.LocalPlayer.checkPictureThumb(LocalPlayer.java:192)
  com.sumavision.testcase.LocalPlayer.checkPictureThumb(LocalPlayer.java:192)
  com.sumavision.testcase.LocalPlayer.checkPictureThumb(LocalPlayer.java:192)
  com.sumavision.testcase.LocalPlayer.checkPictureThumb(LocalPlayer.java:192)
  com.sumavision.testcase.LocalPlayer.checkPictureThumb(LocalPlayer.java:192)
  com.sumavision.testcase.LocalPlayer.checkPictureThumb(LocalPlayer.java:192)
  com.sumavision.testcase.LocalPlayer.checkPictureThumb(LocalPlayer.java:192)
  com.sumavision.testcase.LocalPlayer.checkPictureThumb(LocalPlayer.java:192)
  com.sumavision.testcase.LocalPlayer.checkPictureThumb(LocalPlayer.java:192)
  com.sumavision.testcase.LocalPlayer.checkPictureThumb(LocalPlayer.java:192)
  com.sumavision.testcase.LocalPlayer.checkPictureThumb(LocalPlayer.java:192)
  com.sumavision.testcase.LocalPlayer.checkPictureThumb(LocalPlayer.java:192)
  com.sumavision.testcase.LocalPlayer.checkPictureThumb(LocalPlayer.java:192)
  com.sumavision.testcase.LocalPlayer.checkPictureThumb(LocalPlayer.java:192)
  com.sumavision.testcase.LocalPlayer.checkPictureThumb(LocalPlayer.java:192)
  com.sumavision.testcase.LocalPlayer.checkPictureThumb(LocalPlayer.java:192)
  com.sumavision.testcase.LocalPlayer.checkPictureThumb(LocalPlayer.java:192)
  com.sumavision.testcase.LocalPlayer.checkPictureThumb(LocalPlayer.java:192)
  com.sumavision.testcase.LocalPlayer.checkPictureThumb(LocalPlayer.java:192)
  com.sumavision.testcase.LocalPlayer.checkPictureThumb(LocalPlayer.java:192)
  com.sumavision.testcase.LocalPlayer.checkPictureThumb(LocalPlayer.java:192)
  com.sumavision.testcase.LocalPlayer.checkPictureThumb(LocalPlayer.java:192)
  com.sumavision.testcase.LocalPlayer.checkPictureThumb(LocalPlayer.java:192)
  com.sumavision.testcase.LocalPlayer.checkPictureThumb(LocalPlayer.java:192)
  com.sumavision.testcase.LocalPlayer.checkPictureThumb(LocalPlayer.java:192)
  com.sumavision.testcase.LocalPlayer.checkPictureThumb(LocalPlayer.java:192)
  com.sumavision.testcase.LocalPlayer.checkPictureThumb(LocalPlayer.java:192)
  com.sumavision.testcase.LocalPlayer.checkPictureThumb(LocalPlayer.java:192)
  com.sumavision.testcase.LocalPlayer.checkPictureThumb(LocalPlayer.java:192)
  com.sumavision.testcase.LocalPlayer.checkPictureThumb(LocalPlayer.java:192)
  com.sumavision.testcase.LocalPlayer.checkPictureThumb(LocalPlayer.java:192)
  com.sumavision.testcase.LocalPlayer.checkPictureThumb(LocalPlayer.java:192)
  com.sumavision.testcase.LocalPlayer.checkPictureThumb(LocalPlayer.java:192)
  com.sumavision.testcase.LocalPlayer.checkPictureThumb(LocalPlayer.java:192)
  com.sumavision.testcase.LocalPlayer.checkPictureThumb(LocalPlayer.java:192)
  com.sumavision.testcase.LocalPlayer.checkPictureThumb(LocalPlayer.java:192)
  com.sumavision.testcase.LocalPlayer.checkPictureThumb(LocalPlayer.java:192)
  com.sumavision.testcase.LocalPlayer.checkPictureThumb(LocalPlayer.java:192)
  com.sumavision.testcase.LocalPlayer.checkPictureThumb(LocalPlayer.java:192)
  com.sumavision.testcase.LocalPlayer.checkPictureThumb(LocalPlayer.java:192)
  com.sumavision.testcase.LocalPlayer.checkPictureThumb(LocalPlayer.java:192)
  com.sumavision.testcase.LocalPlayer.checkPictureThumb(LocalPlayer.java:192)
  com.sumavision.testcase.LocalPlayer.checkPictureThumb(LocalPlayer.java:192)
  com.sumavision.testcase.LocalPlayer.checkPictureThumb(LocalPlayer.java:192)
  com.sumavision.testcase.LocalPlayer.checkPictureThumb(LocalPlayer.java:192)
  com.sumavision.testcase.LocalPlayer.checkPictureThumb(LocalPlayer.java:192)
  com.sumavision.testcase.LocalPlayer.checkPictureThumb(LocalPlayer.java:192)
  com.sumavision.testcase.LocalPlayer.checkPictureThumb(LocalPlayer.java:192)
  com.sumavision.testcase.LocalPlayer.checkPictureThumb(LocalPlayer.java:192)
  com.sumavision.testcase.LocalPlayer.checkPictureThumb(LocalPlayer.java:192)
  com.sumavision.testcase.LocalPlayer.checkPictureThumb(LocalPlayer.java:192)
  com.sumavision.testcase.LocalPlayer.checkPictureThumb(LocalPlayer.java:192)
  com.sumavision.testcase.LocalPlayer.checkPictureThumb(LocalPlayer.java:192)
  com.sumavision.testcase.LocalPlayer.checkPictureThumb(LocalPlayer.java:192)
  com.sumavision.testcase.LocalPlayer.checkPictureThumb(LocalPlayer.java:192)
  com.sumavision.testcase.LocalPlayer.checkPictureThumb(LocalPlayer.java:192)
  com.sumavision.testcase.LocalPlayer.checkPictureThumb(LocalPlayer.java:192)
  com.sumavision.testcase.LocalPlayer.checkPictureThumb(LocalPlayer.java:192)
  com.sumavision.testcase.LocalPlayer.checkPictureThumb(LocalPlayer.java:192)
  com.sumavision.testcase.LocalPlayer.checkPictureThumb(LocalPlayer.java:192)
  com.sumavision.testcase.LocalPlayer.checkPictureThumb(LocalPlayer.java:192)
  com.sumavision.testcase.LocalPlayer.checkPictureThumb(LocalPlayer.java:192)
  com.sumavision.testcase.LocalPlayer.checkPictureThumb(LocalPlayer.java:192)
  com.sumavision.testcase.LocalPlayer.checkPictureThumb(LocalPlayer.java:192)
  com.sumavision.testcase.LocalPlayer.checkPictureThumb(LocalPlayer.java:192)
  com.sumavision.testcase.LocalPlayer.checkPictureThumb(LocalPlayer.java:192)
  com.sumavision.testcase.LocalPlayer.checkPictureThumb(LocalPlayer.java:192)
  com.sumavision.testcase.LocalPlayer.checkPictureThumb(LocalPlayer.java:192)
  com.sumavision.testcase.LocalPlayer.checkPictureThumb(LocalPlayer.java:192)
  com.sumavision.testcase.LocalPlayer.checkPictureThumb(LocalPlayer.java:192)
  com.sumavision.testcase.LocalPlayer.checkPictureThumb(LocalPlayer.java:192)
  com.sumavision.testcase.LocalPlayer.checkPictureThumb(LocalPlayer.java:192)
  com.sumavision.testcase.LocalPlayer.checkPictureThumb(LocalPlayer.java:192)
  com.sumavision.testcase.LocalPlayer.checkPictureThumb(LocalPlayer.java:192)
  com.sumavision.testcase.LocalPlayer.checkPictureThumb(LocalPlayer.java:192)
  com.sumavision.testcase.LocalPlayer.checkPictureThumb(LocalPlayer.java:192)
  com.sumavision.testcase.LocalPlayer.checkPictureThumb(LocalPlayer.java:192)
  com.sumavision.testcase.LocalPlayer.checkPictureThumb(LocalPlayer.java:192)
  com.sumavision.testcase.LocalPlayer.checkPictureThumb(LocalPlayer.java:192)
  com.sumavision.testcase.LocalPlayer.checkPictureThumb(LocalPlayer.java:192)
  com.sumavision.testcase.LocalPlayer.checkPictureThumb(LocalPlayer.java:192)
]]>
      </failure>

          </testcase>
            <testcase name="checkMenuByVideo" time="10.752" classname="com.sumavision.testcase.LocalPlayer">
                <failure type="java.lang.Throwable"
                  message="(null)"
              >
<![CDATA[java.lang.Throwable
  
Error Message: expected [true] but found [false].
Error Mothod:checkMenuByVideo(
Error Class:LocalPlayer
Error Index:76)
  com.sumavision.testcase.LocalPlayer.checkMenuByVideo(LocalPlayer.java:76)
]]>
      </failure>

          </testcase>
            <testcase name="checkSoundTrack" time="5.801" classname="com.sumavision.testcase.LocalPlayer">
                <failure type="java.lang.Throwable"
                  message="(null)"
              >
<![CDATA[java.lang.Throwable
  
Error Message: expected [true] but found [false].
Error Mothod:checkSoundTrack(
Error Class:LocalPlayer
Error Index:184)
  com.sumavision.testcase.LocalPlayer.checkSoundTrack(LocalPlayer.java:184)
]]>
      </failure>

          </testcase>
            <testcase name="fillPictrue" time="80.884" classname="com.sumavision.testcase.LocalPlayer">
                <failure type="java.lang.Throwable"
                  message="(null)"
              >
<![CDATA[java.lang.Throwable
  
Error Message: expected [true] but found [false].
Error Mothod:fillPictrue(
Error Class:LocalPlayer
Error Index:121)
  com.sumavision.testcase.LocalPlayer.fillPictrue(LocalPlayer.java:121)
]]>
      </failure>

          </testcase>
            <testcase name="checkVideoForward" time="7.150" classname="com.sumavision.testcase.LocalPlayer">
                <failure type="java.lang.Throwable"
                  message="(null)"
              >
<![CDATA[java.lang.Throwable
  
Error Message: expected [true] but found [false].
Error Mothod:checkVideoForward(
Error Class:LocalPlayer
Error Index:139)
  com.sumavision.testcase.LocalPlayer.checkVideoForward(LocalPlayer.java:139)
]]>
      </failure>

          </testcase>
            <testcase name="checkSubtitleByIn" time="2.965" classname="com.sumavision.testcase.LocalPlayer">
                <failure type="java.lang.Throwable"
                  message="(null)"
              >
<![CDATA[java.lang.Throwable
  
Error Message: expected [true] but found [false].
Error Mothod:checkSubtitleByIn(
Error Class:LocalPlayer
Error Index:157)
  com.sumavision.testcase.LocalPlayer.checkSubtitleByIn(LocalPlayer.java:157)
]]>
      </failure>

          </testcase>
            <testcase name="checkVideoBackward" time="9.045" classname="com.sumavision.testcase.LocalPlayer">
                <failure type="java.lang.Throwable"
                  message="(null)"
              >
<![CDATA[java.lang.Throwable
  
Error Message: expected [true] but found [false].
Error Mothod:checkVideoBackward(
Error Class:LocalPlayer
Error Index:148)
  com.sumavision.testcase.LocalPlayer.checkVideoBackward(LocalPlayer.java:148)
]]>
      </failure>

          </testcase>
  
  
  
</testsuite>
